<?xml version="1.0" encoding="UTF-8"?>
<!DOCTYPE html PUBLIC "-//W3C//DTD XHTML 1.0 Strict//EN" "http://www.w3.org/TR/xhtml1/DTD/xhtml1-strict.dtd">
<html xmlns="http://www.w3.org/1999/xhtml">
<head>
    <title>google:  测试用例执行报告</title>
    <meta name="generator" content="HTMLTestRunner 0.9.1"/>
    <meta http-equiv="Content-Type" content="text/html; charset=UTF-8"/>
    
<style type="text/css" media="screen">
    body        { font-family: verdana, arial, helvetica, sans-serif; font-size: 80%; }
    table       { font-size: 100%; }
    pre         { white-space: pre-wrap;word-wrap: break-word; }

    /* -- heading ---------------------------------------------------------------------- */
    h1 {
        font-size: 16pt;
        color: gray;
    }
    .heading {
        margin-top: 0ex;
        margin-bottom: 1ex;
    }

    .heading .attribute {
        margin-top: 1ex;
        margin-bottom: 0;
    }

    .heading .description {
        margin-top: 2ex;
        margin-bottom: 3ex;
    }

    /* -- css div popup ------------------------------------------------------------------------ */
    a.popup_link {
    }

    a.popup_link:hover {
        color: red;
    }

    .popup_window {
        display: none;
        position: relative;
        left: 0px;
        top: 0px;
        /*border: solid #627173 1px; */
        padding: 10px;
        /*background-color: #E6E6D6; */
        font-family: "Lucida Console", "Courier New", Courier, monospace;
        text-align: left;
        font-size: 8pt;
        /* width: 500px;*/
    }

    }
    /* -- report ------------------------------------------------------------------------ */
    #show_detail_line {
        margin-top: 3ex;
        margin-bottom: 1ex;
    }
    #result_table {
        width: 99%;
    }
    #header_row {
        font-weight: bold;
        color: #303641;
        background-color: #ebebeb;
    }
    #total_row  { font-weight: bold; }
    .passClass  { background-color: #bdedbc; }
    .failClass  { background-color: #ffefa4; }
    .errorClass { background-color: #ffc9c9; }
    .passCase   { color: #6c6; }
    .failCase   { color: #FF6600; font-weight: bold; }
    .errorCase  { color: #c00; font-weight: bold; }
    .hiddenRow  { display: none; }
    .testcase   { margin-left: 2em; }


    /* -- ending ---------------------------------------------------------------------- */
    #ending {
    }

    #div_base {
                position:absolute;
                top:0%;
                left:5%;
                right:5%;
                width: auto;
                height: auto;
                margin: -15px 0 0 0;
    }
</style>

    <link href="http://cdn.bootcss.com/bootstrap/3.3.0/css/bootstrap.min.css" rel="stylesheet">
    <script src="https://cdn.bootcss.com/echarts/3.8.5/echarts.common.min.js"></script>
    <!-- <script type="text/javascript" src="js/echarts.common.min.js"></script> -->
</head>
<body>
    <script language="javascript" type="text/javascript"><!--
    output_list = Array();

    /* level - 0:Summary; 1:Failed; 2:All */
    function showCase(level) {
        trs = document.getElementsByTagName("tr");
        for (var i = 0; i < trs.length; i++) {
            tr = trs[i];
            id = tr.id;
            if (id.substr(0,2) == 'ft') {
                if (level < 1) {
                    tr.className = 'hiddenRow';
                }
                else {
                    tr.className = '';
                }
            }
            if (id.substr(0,2) == 'pt') {
                if (level > 1) {
                    tr.className = '';
                }
                else {
                    tr.className = 'hiddenRow';
                }
            }
        }
    }


    function showClassDetail(cid, count) {
        var id_list = Array(count);
        var toHide = 1;
        for (var i = 0; i < count; i++) {
            tid0 = 't' + cid.substr(1) + '.' + (i+1);
            tid = 'f' + tid0;
            tr = document.getElementById(tid);
            if (!tr) {
                tid = 'p' + tid0;
                tr = document.getElementById(tid);
            }
            id_list[i] = tid;
            if (tr.className) {
                toHide = 0;
            }
        }
        for (var i = 0; i < count; i++) {
            tid = id_list[i];
            if (toHide) {
                document.getElementById('div_'+tid).style.display = 'none'
                document.getElementById(tid).className = 'hiddenRow';
            }
            else {
                document.getElementById(tid).className = '';
            }
        }
    }


    function showTestDetail(div_id){
        var details_div = document.getElementById(div_id)
        var displayState = details_div.style.display
        // alert(displayState)
        if (displayState != 'block' ) {
            displayState = 'block'
            details_div.style.display = 'block'
        }
        else {
            details_div.style.display = 'none'
        }
    }


    function html_escape(s) {
        s = s.replace(/&/g,'&amp;');
        s = s.replace(/</g,'&lt;');
        s = s.replace(/>/g,'&gt;');
        return s;
    }

    /* obsoleted by detail in <div>
    function showOutput(id, name) {
        var w = window.open("", //url
                        name,
                        "resizable,scrollbars,status,width=800,height=450");
        d = w.document;
        d.write("<pre>");
        d.write(html_escape(output_list[id]));
        d.write("\n");
        d.write("<a href='javascript:window.close()'>close</a>\n");
        d.write("</pre>\n");
        d.close();
    }
    */
    --></script>

    <div id="div_base">
        
    <div class='page-header'>
        <h1>google:  测试用例执行报告</h1>
    <p class='attribute'><strong>开始时间:</strong> 2019-07-31 16:13:11</p>
<p class='attribute'><strong>运行时长:</strong> 0:11:17.132930</p>
<p class='attribute'><strong>状态:</strong> 错误 3</p>

    </div>
    <div style="float: left;width:50%;"><p class='description'>用例执行情况统计：</p></div>
    <div id="chart" style="width:50%;height:400px;float:left;"></div>

        
    <div class="btn-group btn-group-sm">
        <button class="btn btn-default" onclick='javascript:showCase(0)'>总结</button>
        <button class="btn btn-default" onclick='javascript:showCase(1)'>失败</button>
        <button class="btn btn-default" onclick='javascript:showCase(2)'>全部</button>
    </div>
    <p></p>
    <table id='result_table' class="table table-bordered">
        <colgroup>
            <col align='left' />
            <col align='right' />
            <col align='right' />
            <col align='right' />
            <col align='right' />
            <col align='right' />
        </colgroup>
        <tr id='header_row'>
            <td>测试套件/测试用例</td>
            <td>总数</td>
            <td>通过</td>
            <td>失败</td>
            <td>错误</td>
            <td>查看</td>
        </tr>
        
    <tr class='errorClass'>
        <td>test_cases.test001_study_word.Word: 单词本</td>
        <td>3</td>
        <td>0</td>
        <td>0</td>
        <td>3</td>
        <td><a href="javascript:showClassDetail('c1',3)">详情</a></td>
    </tr>

<tr id='ft1.1' class='none'>
    <td class='errorCase'><div class='testcase'>test_study_word_1_1: 新词练习</div></td>
    <td colspan='5' align='center'>

    <!--css div popup start-->
    <a class="popup_link" onfocus='this.blur();' href="javascript:showTestDetail('div_ft1.1')" >
        错误</a>

    <div id='div_ft1.1' class="popup_window">
        <pre>
        ft1.1: 在登录界面：
/Users/vanthink_test_ios/aa/testone
用户信息，即将登陆： {'student': {'student': 15522637229, 'teacher': 18823452349}, 'pwd': '1N14VXUCJTHoA'}
/Users/vanthink_test_ios/aa/testone
===== 第1组练习 =====
学生昵称： Shelly 
 学校名称： 万星在线教育 
 学校id： 6 
 学生id： 193630 

title: 词汇运用(复习)
===== 🌟🌟 词汇运用 --句子选单词模式(复习) 🌟🌟 =====

题目：The finger of my ____ has a hole.
句子解释： 我手套的指头处有个洞。
选择答案： glove
------------------------------ 

题目：____ John, how are you?
句子解释： 哈罗，约翰，你好吗？
选择答案： hello
------------------------------ 

题目：Mom, I love ____!
句子解释： 妈妈，我爱你！
选择答案： you
------------------------------ 

题目：I have ____ in the afternoon.
句子解释： 我下午有体育课。
选择答案： PE
------------------------------ 

题目：He felt no ____ and no regret.
句子解释： 他既不感到羞愧也不感到遗憾。
选择答案： shame
------------------------------ 

题目：I treated myself to some ice cream for a ____.
句子解释： 我给自己吃了一些冰淇淋作为点心。
选择答案： snack
------------------------------ 

题目：The satellite was launched in a ____. 
句子解释： 这颗卫星是装在火箭上发射的。
选择答案： rocket
------------------------------ 

题目：The article is compact and well ____.
句子解释： 文章结构紧凑而严谨。
选择答案： organized
------------------------------ 

题目：I know nothing about ____ music.
句子解释： 我对流行音乐一无所知。
选择答案： pop
------------------------------ 

===== 🌟🌟 单词默写 复习 🌟🌟 ===== 

解释：  n. 手套
点击提示出现首字母提示 g
单词: glove
我输入的： glove
------------------------------ 

解释：  int. 你好;int. 喂
点击提示出现首字母提示 h
单词: hello
我输入的： hello
------------------------------ 

解释：  pron. 你们;pron. 你
点击提示出现首字母提示 y
单词: you
我输入的： you
------------------------------ 

解释：  n. （学科）体育
点击提示出现首字母提示 P
单词: PE
我输入的： PE
------------------------------ 

解释：  n. 羞耻;n. 羞愧;n. 可耻的事
点击提示出现首字母提示 s
单词: shame
我输入的： shame
------------------------------ 

解释：  n. 零食;n. 小吃，点心
点击提示出现首字母提示 s
单词: snack
我输入的： snack
------------------------------ 

解释：  n. 火箭
点击提示出现首字母提示 r
单词: rocket
我输入的： rocket
------------------------------ 

解释：  adj. 有组织的,做事有条理的
点击提示出现首字母提示 o
单词: organized
我输入的： organized
------------------------------ 

解释：  adj. 大众的，通俗的 （缩写）
点击提示出现首字母提示 p
单词: pop
我输入的： pop
------------------------------ 

===== 🌟🌟 词汇运用 --句子选单词模式(复习) 🌟🌟 =====

题目：I'm so happy to see them ____.
句子解释： 再次见到他们我是如此高兴。
选择答案： again
------------------------------ 

题目：You ____ my best friend.
句子解释： 你是我最好的朋友。
选择答案： are
------------------------------ 

题目：Beijing is ____ capital of China.
句子解释： 北京是中国的首都。
选择答案： the
------------------------------ 

题目：Jim wears a pair of grey ____.
句子解释： Jim穿着一条灰裤子。
选择答案： trousers
------------------------------ 

题目：Most of us do our food shopping in the ____.
句子解释： 我们大多数人去超市购买食品。
选择答案： supermarket
------------------------------ 

题目：I am ____ years old.
句子解释： 我十三岁。
选择答案： thirteen
------------------------------ 

题目：Nine and six is ____.
句子解释： 九加六等于十五
选择答案： fifteen
------------------------------ 

题目：There are ____ students in our class.
句子解释： 我们班里有二十个学生。
选择答案： twenty
------------------------------ 

题目：Twenty plus thirty is ____.
句子解释： 二十加三十等于五十。
选择答案： fifty
------------------------------ 

===== 🌟🌟 单词默写 复习 🌟🌟 ===== 

解释：  adv. 重新;adv. 再一次，再，又
点击提示出现首字母提示 a
单词: again
我输入的： again
------------------------------ 

解释：  v. be的第二人称单数以及各人称复数的现在式
点击提示出现首字母提示 a
单词: are
我输入的： are
------------------------------ 

解释：  art. 这些，那些;art. 这，那
点击提示出现首字母提示 t
单词: the
我输入的： the
------------------------------ 

解释：  n. 裤子，长裤
点击提示出现首字母提示 t
单词: trousers
我输入的： trousers
------------------------------ 

解释：  n. 自选商店;n. 超级市场，超级商场
点击提示出现首字母提示 s
单词: supermarket
我输入的： supermarket
------------------------------ 

解释：  num. 十三
点击提示出现首字母提示 t
单词: thirteen
我输入的： thirteen
------------------------------ 

解释：  num. 十五
点击提示出现首字母提示 f
单词: fifteen
我输入的： fifteen
------------------------------ 

解释：  num. 二十
点击提示出现首字母提示 t
单词: twenty
我输入的： twenty
------------------------------ 

解释：  num. 五十
点击提示出现首字母提示 f
单词: fifty
我输入的： fifty
------------------------------ 

===== 🌟🌟 词汇运用 --句子选单词模式(复习) 🌟🌟 =====

题目：Billy is ____ years old.
句子解释： 毕利十四岁了。
选择答案： fourteen
------------------------------ 

题目：____ is a European country.
句子解释： 德国是一个欧洲国家。
选择答案： Germany
------------------------------ 

题目：____,class! Have a nice day!
句子解释： 再见，孩子们！过的愉快！
选择答案： goodbye
------------------------------ 

题目：He ____ loved his children.
句子解释： 他由衷地爱他的孩子们。
选择答案： truly
------------------------------ 

题目：It's a ____ of time.
句子解释： 这是浪费时间。
选择答案： waste
------------------------------ 

题目：He likes to drink ____ and doesn't like beer.
句子解释： 他愿意喝葡萄酒而不喜欢啤酒。
选择答案： wine
------------------------------ 

题目：From animals we get such materials as ____, silk, leather and furs.
句子解释： 从动物我们得到像羊毛、丝、皮革、与毛皮这样的材料。
选择答案： wool
------------------------------ 

题目：____, I passed the exam.
句子解释： 很幸运，我通过考试了。
选择答案： luckily
------------------------------ 

题目：The waiting taxi gave a ____ on its horn.
句子解释： 等待着的出租车发出了嘟嘟的喇叭声。
选择答案： toot
------------------------------ 

===== 🌟🌟 单词默写 复习 🌟🌟 ===== 

解释：  num. 十四
点击提示出现首字母提示 f
单词: fourteen
我输入的： fourteen
------------------------------ 

解释：  n. 德国
点击提示出现首字母提示 G
单词: Germany
我输入的： Germany
------------------------------ 

解释：  int. 再见
点击提示出现首字母提示 g
单词: goodbye
我输入的： goodbye
------------------------------ 

解释：  adv. 真正地，真实地，真诚地，确切地
点击提示出现首字母提示 t
单词: truly
我输入的： truly
------------------------------ 

解释：  adj. 荒废的;adj. 荒芜的，废弃的，无用的;n. 荒地;n. 污水;n. 废弃物，垃圾;n. 浪费;v. 荒废;v. 浪费，消耗
点击提示出现首字母提示 w
单词: waste
我输入的： waste
------------------------------ 

解释：  n. 酒，葡萄酒
点击提示出现首字母提示 w
单词: wine
我输入的： wine
------------------------------ 

解释：  n. 羊毛制品;n. 羊毛，羊绒
点击提示出现首字母提示 w
单词: wool
我输入的： wool
------------------------------ 

解释：  adv. 幸运地
点击提示出现首字母提示 l
单词: luckily
我输入的： luckily
------------------------------ 

解释：  n. 嘟嘟（喇叭声）
点击提示出现首字母提示 t
单词: toot
我输入的： toot
------------------------------ 

闪卡练习(新词)
title: 闪卡练习(新词)
===== 🌟🌟 闪卡练习 学习模式 🌟🌟 =====

单词： repeat 
 解释：  v. 重说，重做 
 句子： The teacher asked him to repeat what he had said. 
 句子解释： 老师要他重复他所讲的话。 
 推荐老师： Roy老师 

您刚刚标记了熟词，系统随后将对该词进行测试。默写正确系统将减少您的复习次数,否则标记无效哦! 

您刚刚标记了重点词，系统随后将对重点词进行抄写训练。 

------------------------------ 

单词： secret 
 解释：  n. 内情;n. 秘密 
 句子： I'm going to tell you a little secret. 
 句子解释： 我要向你透露一个小秘密。 
 推荐老师： Sarah老师 

------------------------------ 

单词： memorize 
 解释：  v. 记忆，默记 
 句子： He tried hard but he could memorize nothing. 
 句子解释： 他很努力，但却什么也记不住。 
 推荐老师： Sarah老师 

------------------------------ 

===== 🌟🌟 单词拼写 新词 🌟🌟 ======

标熟单词： {'4154': 'repeat', '6055': 'memorize'} 

解释：  v. 重说，重做
点击提示出现首字母提示 r
单词: repeat
------------------------------ 

解释：  v. 记忆，默记
点击提示出现首字母提示 m
单词: memorize
------------------------------ 

===== 🌟🌟 闪卡抄写模式 🌟🌟 =====

单词：repeat
解释： v. 重说，重做
------------------------------ 

单词：repeat
解释： v. 重说，重做
★★★ Error-- 抄写栏不为空 repeat
------------------------------ 

★★★ 标星个数与抄写个数不一致
title: 闪卡练习(新词)
===== 🌟🌟 闪卡练习 学习模式 🌟🌟 =====

Traceback (most recent call last):
  File "/Users/vanthink_test_ios/aa/testone/testfarm/test_program/conf/decorator.py", line 29, in wrapper
    ret = func(*args, **kwargs)
  File "/Users/vanthink_test_ios/aa/testone/testfarm/test_program/app/honor/student/word_book_rebuild/object_page/flash_card_page.py", line 88, in english_study
    .find_element_by_id(self.id_type() + "tv_english")
  File "/Users/vanthink_test_ios/Woker/test_IOS/virtual_env/lib/python3.6/site-packages/selenium/webdriver/remote/webdriver.py", line 361, in find_element_by_id
    return self.find_element(by=By.ID, value=id_)
  File "/Users/vanthink_test_ios/Woker/test_IOS/virtual_env/lib/python3.6/site-packages/appium/webdriver/webdriver.py", line 272, in find_element
    'value': value})['value']
  File "/Users/vanthink_test_ios/Woker/test_IOS/virtual_env/lib/python3.6/site-packages/selenium/webdriver/remote/webdriver.py", line 318, in execute
    self.error_handler.check_response(response)
  File "/Users/vanthink_test_ios/Woker/test_IOS/virtual_env/lib/python3.6/site-packages/appium/webdriver/errorhandler.py", line 29, in check_response
    raise wde
  File "/Users/vanthink_test_ios/Woker/test_IOS/virtual_env/lib/python3.6/site-packages/appium/webdriver/errorhandler.py", line 24, in check_response
    super(MobileErrorHandler, self).check_response(response)
  File "/Users/vanthink_test_ios/Woker/test_IOS/virtual_env/lib/python3.6/site-packages/selenium/webdriver/remote/errorhandler.py", line 242, in check_response
    raise exception_class(message, screen, stacktrace)
selenium.common.exceptions.NoSuchElementException: Message: An element could not be located on the page using the given search parameters.


During handling of the above exception, another exception occurred:

Traceback (most recent call last):
  File "/Users/vanthink_test_ios/aa/testone/testfarm/test_program/conf/decorator.py", line 29, in wrapper
    ret = func(*args, **kwargs)
  File "/Users/vanthink_test_ios/aa/testone/testfarm/test_program/app/honor/student/word_book/object_page/flash_card_game.py", line 21, in flash_card_operate
    word = self.english_study()
  File "/Users/vanthink_test_ios/aa/testone/testfarm/test_program/conf/decorator.py", line 38, in wrapper
    raise WebDriverException(flag + _screenshot(func.__qualname__))
selenium.common.exceptions.WebDriverException: Message: IMAGE:FlashCard.english_study-20190731162334.png


During handling of the above exception, another exception occurred:

Traceback (most recent call last):
  File "/Users/vanthink_test_ios/aa/testone/testfarm/test_program/conf/decorator.py", line 100, in wrapper
    ret = func(*args, **kwargs)
  File "/Users/vanthink_test_ios/aa/testone/testfarm/test_program/app/honor/student/word_book/test_cases/test001_study_word.py", line 68, in test_study_word
    flash_result = FlashCardProcess().flash_card_operate(word_info)
  File "/Users/vanthink_test_ios/aa/testone/testfarm/test_program/conf/decorator.py", line 36, in wrapper
    raise WebDriverException(e)
selenium.common.exceptions.WebDriverException: Message: Message: IMAGE:FlashCard.english_study-20190731162334.png



During handling of the above exception, another exception occurred:

Traceback (most recent call last):
  File "/Users/vanthink_test_ios/Woker/test_IOS/virtual_env/lib/python3.6/site-packages/ddt.py", line 145, in wrapper
    return func(self, *args, **kwargs)
  File "/Users/vanthink_test_ios/aa/testone/testfarm/test_program/conf/decorator.py", line 108, in wrapper
    raise WebDriverException(e)
selenium.common.exceptions.WebDriverException: Message: Message: Message: IMAGE:FlashCard.english_study-20190731162334.png




        </pre>
    </div>
    <!--css div popup end-->
    
    </td>
    
    
</tr>

<tr id='ft1.2' class='none'>
    <td class='errorCase'><div class='testcase'>test_study_word_2_2: 新词练习</div></td>
    <td colspan='5' align='center'>

    <!--css div popup start-->
    <a class="popup_link" onfocus='this.blur();' href="javascript:showTestDetail('div_ft1.2')" >
        错误</a>

    <div id='div_ft1.2' class="popup_window">
        <pre>
        ft1.2: 做题页面
/Users/vanthink_test_ios/aa/testone
===== 第2组练习 =====
title: 闪卡练习(新词)
===== 🌟🌟 闪卡练习 学习模式 🌟🌟 =====

Traceback (most recent call last):
  File "/Users/vanthink_test_ios/aa/testone/testfarm/test_program/conf/decorator.py", line 29, in wrapper
    ret = func(*args, **kwargs)
  File "/Users/vanthink_test_ios/aa/testone/testfarm/test_program/app/honor/student/word_book_rebuild/object_page/flash_card_page.py", line 88, in english_study
    .find_element_by_id(self.id_type() + "tv_english")
  File "/Users/vanthink_test_ios/Woker/test_IOS/virtual_env/lib/python3.6/site-packages/selenium/webdriver/remote/webdriver.py", line 361, in find_element_by_id
    return self.find_element(by=By.ID, value=id_)
  File "/Users/vanthink_test_ios/Woker/test_IOS/virtual_env/lib/python3.6/site-packages/appium/webdriver/webdriver.py", line 272, in find_element
    'value': value})['value']
  File "/Users/vanthink_test_ios/Woker/test_IOS/virtual_env/lib/python3.6/site-packages/selenium/webdriver/remote/webdriver.py", line 318, in execute
    self.error_handler.check_response(response)
  File "/Users/vanthink_test_ios/Woker/test_IOS/virtual_env/lib/python3.6/site-packages/appium/webdriver/errorhandler.py", line 29, in check_response
    raise wde
  File "/Users/vanthink_test_ios/Woker/test_IOS/virtual_env/lib/python3.6/site-packages/appium/webdriver/errorhandler.py", line 24, in check_response
    super(MobileErrorHandler, self).check_response(response)
  File "/Users/vanthink_test_ios/Woker/test_IOS/virtual_env/lib/python3.6/site-packages/selenium/webdriver/remote/errorhandler.py", line 242, in check_response
    raise exception_class(message, screen, stacktrace)
selenium.common.exceptions.NoSuchElementException: Message: An element could not be located on the page using the given search parameters.


During handling of the above exception, another exception occurred:

Traceback (most recent call last):
  File "/Users/vanthink_test_ios/aa/testone/testfarm/test_program/conf/decorator.py", line 29, in wrapper
    ret = func(*args, **kwargs)
  File "/Users/vanthink_test_ios/aa/testone/testfarm/test_program/app/honor/student/word_book/object_page/flash_card_game.py", line 21, in flash_card_operate
    word = self.english_study()
  File "/Users/vanthink_test_ios/aa/testone/testfarm/test_program/conf/decorator.py", line 38, in wrapper
    raise WebDriverException(flag + _screenshot(func.__qualname__))
selenium.common.exceptions.WebDriverException: Message: IMAGE:FlashCard.english_study-20190731162401.png


During handling of the above exception, another exception occurred:

Traceback (most recent call last):
  File "/Users/vanthink_test_ios/aa/testone/testfarm/test_program/conf/decorator.py", line 100, in wrapper
    ret = func(*args, **kwargs)
  File "/Users/vanthink_test_ios/aa/testone/testfarm/test_program/app/honor/student/word_book/test_cases/test001_study_word.py", line 68, in test_study_word
    flash_result = FlashCardProcess().flash_card_operate(word_info)
  File "/Users/vanthink_test_ios/aa/testone/testfarm/test_program/conf/decorator.py", line 36, in wrapper
    raise WebDriverException(e)
selenium.common.exceptions.WebDriverException: Message: Message: IMAGE:FlashCard.english_study-20190731162401.png



During handling of the above exception, another exception occurred:

Traceback (most recent call last):
  File "/Users/vanthink_test_ios/Woker/test_IOS/virtual_env/lib/python3.6/site-packages/ddt.py", line 145, in wrapper
    return func(self, *args, **kwargs)
  File "/Users/vanthink_test_ios/aa/testone/testfarm/test_program/conf/decorator.py", line 108, in wrapper
    raise WebDriverException(e)
selenium.common.exceptions.WebDriverException: Message: Message: Message: IMAGE:FlashCard.english_study-20190731162401.png




        </pre>
    </div>
    <!--css div popup end-->
    
    </td>
    
    
</tr>

<tr id='ft1.3' class='none'>
    <td class='errorCase'><div class='testcase'>test_study_word_3_3: 新词练习</div></td>
    <td colspan='5' align='center'>

    <!--css div popup start-->
    <a class="popup_link" onfocus='this.blur();' href="javascript:showTestDetail('div_ft1.3')" >
        错误</a>

    <div id='div_ft1.3' class="popup_window">
        <pre>
        ft1.3: 做题页面
/Users/vanthink_test_ios/aa/testone
===== 第3组练习 =====
title: 闪卡练习(新词)
===== 🌟🌟 闪卡练习 学习模式 🌟🌟 =====

Traceback (most recent call last):
  File "/Users/vanthink_test_ios/aa/testone/testfarm/test_program/conf/decorator.py", line 29, in wrapper
    ret = func(*args, **kwargs)
  File "/Users/vanthink_test_ios/aa/testone/testfarm/test_program/app/honor/student/word_book_rebuild/object_page/flash_card_page.py", line 88, in english_study
    .find_element_by_id(self.id_type() + "tv_english")
  File "/Users/vanthink_test_ios/Woker/test_IOS/virtual_env/lib/python3.6/site-packages/selenium/webdriver/remote/webdriver.py", line 361, in find_element_by_id
    return self.find_element(by=By.ID, value=id_)
  File "/Users/vanthink_test_ios/Woker/test_IOS/virtual_env/lib/python3.6/site-packages/appium/webdriver/webdriver.py", line 272, in find_element
    'value': value})['value']
  File "/Users/vanthink_test_ios/Woker/test_IOS/virtual_env/lib/python3.6/site-packages/selenium/webdriver/remote/webdriver.py", line 318, in execute
    self.error_handler.check_response(response)
  File "/Users/vanthink_test_ios/Woker/test_IOS/virtual_env/lib/python3.6/site-packages/appium/webdriver/errorhandler.py", line 29, in check_response
    raise wde
  File "/Users/vanthink_test_ios/Woker/test_IOS/virtual_env/lib/python3.6/site-packages/appium/webdriver/errorhandler.py", line 24, in check_response
    super(MobileErrorHandler, self).check_response(response)
  File "/Users/vanthink_test_ios/Woker/test_IOS/virtual_env/lib/python3.6/site-packages/selenium/webdriver/remote/errorhandler.py", line 242, in check_response
    raise exception_class(message, screen, stacktrace)
selenium.common.exceptions.NoSuchElementException: Message: An element could not be located on the page using the given search parameters.


During handling of the above exception, another exception occurred:

Traceback (most recent call last):
  File "/Users/vanthink_test_ios/aa/testone/testfarm/test_program/conf/decorator.py", line 29, in wrapper
    ret = func(*args, **kwargs)
  File "/Users/vanthink_test_ios/aa/testone/testfarm/test_program/app/honor/student/word_book/object_page/flash_card_game.py", line 21, in flash_card_operate
    word = self.english_study()
  File "/Users/vanthink_test_ios/aa/testone/testfarm/test_program/conf/decorator.py", line 38, in wrapper
    raise WebDriverException(flag + _screenshot(func.__qualname__))
selenium.common.exceptions.WebDriverException: Message: IMAGE:FlashCard.english_study-20190731162428.png


During handling of the above exception, another exception occurred:

Traceback (most recent call last):
  File "/Users/vanthink_test_ios/aa/testone/testfarm/test_program/conf/decorator.py", line 100, in wrapper
    ret = func(*args, **kwargs)
  File "/Users/vanthink_test_ios/aa/testone/testfarm/test_program/app/honor/student/word_book/test_cases/test001_study_word.py", line 68, in test_study_word
    flash_result = FlashCardProcess().flash_card_operate(word_info)
  File "/Users/vanthink_test_ios/aa/testone/testfarm/test_program/conf/decorator.py", line 36, in wrapper
    raise WebDriverException(e)
selenium.common.exceptions.WebDriverException: Message: Message: IMAGE:FlashCard.english_study-20190731162428.png



During handling of the above exception, another exception occurred:

Traceback (most recent call last):
  File "/Users/vanthink_test_ios/Woker/test_IOS/virtual_env/lib/python3.6/site-packages/ddt.py", line 145, in wrapper
    return func(self, *args, **kwargs)
  File "/Users/vanthink_test_ios/aa/testone/testfarm/test_program/conf/decorator.py", line 108, in wrapper
    raise WebDriverException(e)
selenium.common.exceptions.WebDriverException: Message: Message: Message: IMAGE:FlashCard.english_study-20190731162428.png




        </pre>
    </div>
    <!--css div popup end-->
    
    </td>
    
    
</tr>

        <tr id='total_row'>
            <td>总计</td>
            <td>3</td>
            <td>0</td>
            <td>0</td>
            <td>3</td>
            <td>&nbsp;</td>
        </tr>
    </table>

        <div id='ending'>&nbsp;</div>
        
    <script type="text/javascript">
        // 基于准备好的dom，初始化echarts实例
        var myChart = echarts.init(document.getElementById('chart'));

        // 指定图表的配置项和数据
        var option = {
            title : {
                text: '测试执行情况',
                x:'center'
            },
            tooltip : {
                trigger: 'item',
                formatter: "{a} <br/>{b} : {c} ({d}%)"
            },
            color: ['#95b75d', 'grey', '#b64645'],
            legend: {
                orient: 'vertical',
                left: 'left',
                data: ['通过','失败','错误']
            },
            series : [
                {
                    name: '测试执行情况',
                    type: 'pie',
                    radius : '60%',
                    center: ['50%', '60%'],
                    data:[
                        {value:0, name:'通过'},
                        {value:0, name:'失败'},
                        {value:3, name:'错误'}
                    ],
                    itemStyle: {
                        emphasis: {
                            shadowBlur: 10,
                            shadowOffsetX: 0,
                            shadowColor: 'rgba(0, 0, 0, 0.5)'
                        }
                    }
                }
            ]
        };

        // 使用刚指定的配置项和数据显示图表。
        myChart.setOption(option);
    </script>
    
    </div>
</body>
</html>
