<?xml version="1.0" encoding="UTF-8"?>
<!DOCTYPE html PUBLIC "-//W3C//DTD XHTML 1.0 Strict//EN" "http://www.w3.org/TR/xhtml1/DTD/xhtml1-strict.dtd">
<html xmlns="http://www.w3.org/1999/xhtml">
<head>
    <title>测试用例执行报告</title>
    <meta name="generator" content="HTMLTestRunner 1.2.0"/>
    <meta http-equiv="Content-Type" content="text/html; charset=UTF-8"/>
    <link href="http://libs.baidu.com/bootstrap/3.0.3/css/bootstrap.min.css" rel="stylesheet">
    <script src="http://libs.baidu.com/jquery/2.0.0/jquery.min.js"></script>
    <script src="http://libs.baidu.com/bootstrap/3.0.3/js/bootstrap.min.js"></script>
    <script src="https://img.hcharts.cn/highcharts/highcharts.js"></script>
    <script src="https://img.hcharts.cn/highcharts/modules/exporting.js"></script>
    
<style type="text/css" media="screen">
body        { font-family: Microsoft YaHei;padding: 20px; font-size: 100%; }
table       { font-size: 100%; }
.table tbody tr td{
            vertical-align: middle;
        }

/* -- heading ---------------------------------------------------------------------- */
.heading .description, .attribute {
    clear: both;
}

/* --- 失败和错误合集样式 -- Gelomen --- */
.failCollection, .errorCollection {
    width: 100px;
    float: left;
}
#failCaseOl li {
    color: red
}
#errorCaseOl li {
    color: orange
}

/* --- 打开截图特效样式 -- Gelomen --- */
.data-img{
    cursor:pointer
}

.pic_looper{
    width:100%;
    height:100%;
    position: fixed;
    left: 0;
    top:0;
    opacity: 0.6;
    background: #000;
    display: none;
    z-index: 100;
}

.pic_show{
    width:100%;
    position:fixed;
    left:0;
    top:0;
    right:0;
    bottom:0;
    margin:auto;
    text-align: center;
    display: none;
    z-index: 100;
}

.pic_box{
    padding:10px;
    width:90%;
    height:90%;
    margin:40px auto;
    text-align: center;
    overflow: hidden;
}

.pic_box img{
    width: auto;
    height: 100%;
    -moz-box-shadow: 0px 0px 20px 0px #000;
    -webkit-box-shadow: 0px 0px 20px 0px #000;
    box-shadow: 0px 0px 20px 0px #000;
}

/* --- 饼状图div样式 -- Gelomen --- */
#container {
    width: 450px;
    height: 300px;
    float: left;
}

/* -- report ------------------------------------------------------------------------ */
#total_row  { font-weight: bold; }
.passCase   { color: #5cb85c; }
.failCase   { color: #f0ad4e; font-weight: bold; }
.errorCase  { color: #d9534f; font-weight: bold; }
.hiddenRow  { display: none; }
.testcase   { margin-left: 2em; }
.screenshot:link { text-decoration: none;color: deeppink; }
.screenshot:visited { text-decoration: none;color: deeppink; }
.screenshot:hover { text-decoration: none;color: darkcyan; }
.screenshot:active { text-decoration: none;color: deeppink; }
</style>

</head>
<body >
<script language="javascript" type="text/javascript">

    $(function(){
        // 修改 失败 和 错误 用例里对应按钮的颜色ClassName为动态加载 -- Gelomen
    	$("button").each(function () {
    	    var text = $(this).text();
    	    if(text == "失败"){
    	        $(this).addClass("btn-warning")
            }else if(text == "错误") {
                $(this).addClass("btn-danger")
            }else if(text == "通过") {
                $(this).addClass("btn-success")
            }
        });

        // 给失败和错误合集加样式 -- Gelomen
        var p_attribute = $("p.attribute");
        p_attribute.eq(4).addClass("failCollection");
        p_attribute.eq(5).addClass("errorCollection");

        // 打开截图，放大，点击任何位置可以关闭图片  -- Gelomen
        $(".screenshot").click(function(){
            var img = $(this).attr("img");
            $('.pic_show img').attr('src', img);
            $('.pic_looper').fadeIn(200);
            $('.pic_show').fadeIn(200);

            var browserHeight = $(window).height();
            var pic_boxHeight = $(".pic_box").height();
            var top = (browserHeight - pic_boxHeight)/2;
            $('.pic_box').css("margin-top", top + "px")

        });
        $('.pic_looper, .pic_show').click(function(){
            $('.pic_looper').fadeOut(200);
            $('.pic_show').fadeOut(200)
        });

        var browserWidth = $(window).width();
        var margin_left = browserWidth/2 - 450;
        if(margin_left <= 240){
            $("#container").css("margin", "auto");
        }else {
            $("#container").css("margin-left", margin_left + "px");
        }

        $(window).resize(function(){
            // 改变窗口大小时，自动改变图片与顶部的距离  -- Gelomen
            var browserHeight = $(window).height();
            var pic_boxHeight = $(".pic_box").height();
            var top = (browserHeight - pic_boxHeight)/2;
            $('.pic_box').css("margin-top", top + "px");


            // 改变窗口大小时，自动改变饼图的边距  -- Gelomen
            var browserWidth = $(window).width();
            var margin_left = browserWidth/2 - 450;
            if(margin_left <= 240){
                $("#container").css("margin", "auto");
            }else {
                $("#container").css("margin-left", margin_left + "px");
            }
        });

        // 距离顶部超过浏览器窗口一屏时，回到顶部按钮才出现  -- Gelomen
        $(window).scroll(function(){
            var browserHeight = $(window).height();
            var top = $(window).scrollTop();
            if(top >= browserHeight){
                $("#toTop").css("display", "block")
            }else {
                $("#toTop").css("display", "none")
            }
        })

        // 增加回到顶部过程的动画，以看上去不会那么生硬  -- Gelomen
        $("#toTop").click(function() {
            $("html,body").animate({"scrollTop":0}, 700)
        })

        // 增加饼状图  -- Gelomen
        $('#container').highcharts({
            chart: {
                plotBackgroundColor: null,
                plotBorderWidth: null,
                plotShadow: false,
                spacing : [0, 0, 0, 0]
            },
            credits: {
                enabled: false
            },
            navigation: {
                buttonOptions: {
                    enabled: false
                }
            },
            title: {
                floating:true,
                text: '测试结果占比'
            },
            tooltip: {
                pointFormat: '{series.name}: <b>{point.percentage:.1f}%</b>'
            },
            plotOptions: {
                pie: {
                    allowPointSelect: true,
                    cursor: 'pointer',
                    colors: ['#81ca9d','#fdc68c', '#f16d7e'],
                    dataLabels: {
                        enabled: true,
                        format: '<b>{point.name}</b>: {point.percentage:.1f} %',
                        style: {
                            color: (Highcharts.theme && Highcharts.theme.contrastTextColor) || 'black'
                        }
                    },
                    point: {
                        events: {
                            mouseOver: function(e) {  // 鼠标滑过时动态更新标题
                                chart.setTitle({
                                    text: e.target.name+ '\t'+ e.target.y + ' 个'
                                });
                            }
                        }
                    }
                }
            },
            series: [{
                type: 'pie',
                innerSize: '80%',
                name: '比例',
                data: [
                    ['通过', 3],
                    {
                        name: '失败',
                        y: 5,
                        sliced: true,
                        selected: true
                    },
                    ['错误', 4]
                ]
            }]
        }, function(c) {
            // 环形图圆心
            var centerY = c.series[0].center[1],
                titleHeight = parseInt(c.title.styles.fontSize);
            c.setTitle({
                y:centerY + titleHeight/2
            });
            chart = c;
        });

        // 查看 失败 和 错误 合集链接文字切换  -- Gelomen
        $(".showDetail").click(function () {
            if($(this).html() == "点击查看"){
                $(this).html("点击收起")
            }else {
                $(this).html("点击查看")
            }
        })
    });


output_list = Array();

/*level 调整增加只显示通过用例的分类 --Findyou / 修复筛选显示bug --Gelomen
0:Summary //all hiddenRow
1:Failed  //pt&et hiddenRow, ft none
2:Pass    //pt none, ft&et hiddenRow
3:Error   //pt&ft hiddenRow, et none
4:All     //all none
*/
function showCase(level) {
    trs = document.getElementsByTagName("tr");
    for (var i = 0; i < trs.length; i++) {
        tr = trs[i];
        id = tr.id;
        if (id.substr(0,2) == 'ft') {
            if (level == 2 || level == 0 || level == 3) {
                tr.className = 'hiddenRow';
            }
            else {
                tr.className = '';
                // 切换筛选时只显示预览   -- Gelomen
                $("div[id^='div_ft']").attr("class", "collapse");
                $("div[id^='div_et']").attr("class", "collapse");
            }
        }
        if (id.substr(0,2) == 'pt') {
            if (level == 1 || level == 0 || level == 3) {
                tr.className = 'hiddenRow';
            }
            else {
                tr.className = '';
                // 切换筛选时只显示预览   -- Gelomen
                $("div[id^='div_ft']").attr("class", "collapse");
                $("div[id^='div_et']").attr("class", "collapse");
            }
        }
        if (id.substr(0,2) == 'et') {
            if (level == 1 || level == 0 || level == 2) {
                tr.className = 'hiddenRow';
            }
            else {
                tr.className = '';
                // 切换筛选时只显示预览   -- Gelomen
                $("div[id^='div_ft']").attr("class", "collapse");
                $("div[id^='div_et']").attr("class", "collapse");
            }
        }
    }

    //加入【详细】切换文字变化 --Findyou
    detail_class=document.getElementsByClassName('detail');
	//console.log(detail_class.length)
	if (level == 3) {
		for (var i = 0; i < detail_class.length; i++){
			detail_class[i].innerHTML="收起"
		}
	}
	else{
			for (var i = 0; i < detail_class.length; i++){
			detail_class[i].innerHTML="详细"
		}
	}
}

function showClassDetail(cid, count) {
    var id_list = Array(count);
    var toHide = 1;
    for (var i = 0; i < count; i++) {
        //ID修改 点 为 下划线 -Findyou
        tid0 = 't' + cid.substr(1) + '_' + (i+1);
        tid = 'f' + tid0;
        tr = document.getElementById(tid);
        if (!tr) {
            tid = 'p' + tid0;
            tr = document.getElementById(tid);
            if (!tr) {
                tid = 'e' + tid0;
                tr = document.getElementById(tid);
            }
        }
        id_list[i] = tid;
        if (tr.className) {
            toHide = 0;
        }
    }
    for (var i = 0; i < count; i++) {
        tid = id_list[i];
        //修改点击无法收起的BUG，加入【详细】切换文字变化 --Findyou
        if (toHide) {
            document.getElementById(tid).className = 'hiddenRow';
            document.getElementById(cid).innerText = "详细"
        }
        else {
            document.getElementById(tid).className = '';
            document.getElementById(cid).innerText = "收起"
        }
    }
}

function html_escape(s) {
    s = s.replace(/&/g,'&amp;');
    s = s.replace(/</g,'&lt;');
    s = s.replace(/>/g,'&gt;');
    return s;
}
</script>
<div class='pic_looper'></div> <div class='pic_show'><div class='pic_box'><img src=''/></div> </div>
<div class='heading'>
<div style="width: 650px; float: left;">
    <h1 style="font-family: Microsoft YaHei">测试用例执行报告</h1>
    <p class='attribute' style="font-size:12px;"><strong>测试人员 : </strong> QA</p>
<p class='attribute' style="font-size:12px;"><strong>开始时间 : </strong> 2020-02-28 17:27:13</p>
<p class='attribute' style="font-size:12px;"><strong>合计耗时 : </strong> 0:06:50.444882</p>
<p class='attribute' style="font-size:12px;"><strong>测试结果 : </strong> 共 12，通过 3，失败 5，错误 4，通过率 = 25.00%</p>
<p class='attribute' style="font-size:12px;"><strong>失败用例合集 : </strong> <div class='panel-default' style='float: left;'><a class='showDetail' data-toggle='collapse' href='#failCaseOl' style='text-decoration: none;'>点击查看</a></div><ol id='failCaseOl' class='collapse' style='float: left;'><li>test_login_phone (test001_login_phone.LoginPhone)</li><li>test_login_password (test002_login_pwd.LoginPwd)</li><li>test_login_password (test002_login_pwd.LoginPwd)</li><li>test_login_password (test002_login_pwd.LoginPwd)</li><li>test_login_password (test002_login_pwd.LoginPwd)</li></ol></p>
<p class='attribute' style="font-size:12px;"><strong>错误用例合集 : </strong> <div class='panel-default' style='float: left;'><a class='showDetail' data-toggle='collapse' href='#errorCaseOl' style='text-decoration: none;'>点击查看</a></div><ol id='errorCaseOl' class='collapse' style='float: left;'><li>test_forget_pwd_ (test004_forget_pwd_password.LoginForgetPwd)</li><li>test_register (test005_register.Register)</li><li>test_register_nickname (test006_register_nickname.Register)</li><li>test_register_pwd_confirm (test007_register_pwd_confirm.Register)</li></ol></p>

    <p class='description'>用例执行情况统计：</p>
</div>
<div id="container"></div>
</div>



<div style="width: 500px; clear: both;">
<p id='show_detail_line'>
<a class="btn btn-primary" href='javascript:showCase(0)'>概要{ 25.00% }</a>
<a class="btn btn-success" href='javascript:showCase(2)'>通过{ 3 }</a>
<a class="btn btn-warning" href='javascript:showCase(1)'>失败{ 5 }</a>
<a class="btn btn-danger" href='javascript:showCase(3)'>错误{ 4 }</a>
<a class="btn btn-info" href='javascript:showCase(4)'>所有{ 12 }</a>
</p>
</div>
<table id='result_table' class="table table-condensed table-bordered table-hover">
<colgroup>
<col align='left' style="width: 300px;"/>
<col align='right' style="width: 300px;"/>
<col align='right' />
<col align='right' />
<col align='right' />
<col align='right' />
<col align='right' />
<col align='right' style="width: 200px;"/>
</colgroup>
<tr id='header_row' class="text-center success" style="font-weight: bold;font-size: 14px;">
    <td>用例集/测试用例</td>
    <td>总计</td>
    <td>通过</td>
    <td>失败</td>
    <td>错误</td>
    <td>耗时</td>
    <td>详细</td>
</tr>

<tr class='failClass warning' style="font-size:12px;">
    <td>LoginPhone &nbsp &nbsp 登录功能 - 手机号</td>
    <td class="text-center">2</td>
    <td class="text-center">1</td>
    <td class="text-center">1</td>
    <td class="text-center">0</td>
    <td class="text-center">390.82秒</td>
    <td class="text-center"><a href="javascript:showClassDetail('c1',2)" class="detail" id='c1'>详细</a></td>
</tr>

<tr id='ft1_1' class='none' style="font-size:12px;">
    <td class='failCase' style="vertical-align: middle"><div class='testcase'>test_login_phone <br>  </div></td>
    <td colspan='5' align='center'>
    <!--默认收起错误信息 -Findyou
    <button id='btn_ft1_1' type="button"  class="btn btn-xs 
    collapsed" data-toggle="collapse" data-target='#div_ft1_1'>失败</button>
    <div id='div_ft1_1' class="collapse">  -->

    <!-- 默认展开错误信息 -Findyou /  修复失败按钮的颜色 -- Gelomen -->
    <button id='btn_ft1_1' type="button"  class="btn btn-xs" data-toggle="collapse" data-target='#div_ft1_1,#div_ft1_1_screenshot'>失败</button>
    <div id='div_ft1_1' class="collapse in">
    <pre style="text-align:left">
    
ft1_1: Traceback (most recent call last):
  File "/Users/vanthink_test_ios/aa/testone/testfarm/test_program/utils/assert_func.py", line 19, in _fail
    raise failure
AssertionError: Error- 未获取到toast手机号未注册，请先注册
/Users/vanthink_test_ios/aa/testone/testfarm/test_program/app/honor/student/login/test_cases/test001_login_phone.py  line:75


    </pre>
    </div>
    </td>
    <td class="text-center" style="vertical-align: middle"><div id='div_ft1_1_screenshot' class="collapse in">查看截图：</br><a class="screenshot" href="javascript:void(0)" img="image/Fail_1.png">Fail_1.png</a></div></td>
</tr>

<tr id='pt1_2' class='hiddenRow' style="font-size:12px;">
    <td class='passCase' style="vertical-align: middle"><div class='testcase'>test_login_phone <br>  </div></td>
    <td colspan='5' align='center'>
    <!--默认收起错误信息 -Findyou
    <button id='btn_pt1_2' type="button"  class="btn btn-xs 
    collapsed" data-toggle="collapse" data-target='#div_pt1_2'>通过</button>
    <div id='div_pt1_2' class="collapse">  -->

    <!-- 默认展开错误信息 -Findyou /  修复失败按钮的颜色 -- Gelomen -->
    <button id='btn_pt1_2' type="button"  class="btn btn-xs" data-toggle="collapse" data-target='#div_pt1_2,#div_pt1_2_screenshot'>通过</button>
    <div id='div_pt1_2' class="collapse in">
    <pre style="text-align:left">
    
pt1_2: 在登录界面
账号: 18011111897
密码: 456789
report_path: ./testfarm/templates/test_report/student/MZ_M15/7_1_2/20200228_172631/
screen_shot[Fail--Fail_1.png]screen_shot

登录失败
----------------------------------
账号: 81011111112
密码: 456789
登录失败
----------------------------------
账号: 132345
密码: 456789
登录失败
----------------------------------
账号: 
密码: 456789
登录失败
----------------------------------
账号:            
密码: 456789
登录失败
----------------------------------
账号: 130你好8world
密码: 456789
登录失败
----------------------------------
账号: 180q2.w@S勿x
密码: 456789
登录失败
----------------------------------
账号: 15612341234
密码: 123456
登录失败
----------------------------------
账号: 17711110000
密码: 123456
登录成功
----------------------------------


    </pre>
    </div>
    </td>
    <td class="text-center" style="vertical-align: middle"><div id='div_pt1_2_screenshot' class="collapse in">查看截图：</div></td>
</tr>

<tr class='failClass warning' style="font-size:12px;">
    <td>LoginPwd &nbsp &nbsp 登录功能 - 密码</td>
    <td class="text-center">5</td>
    <td class="text-center">1</td>
    <td class="text-center">4</td>
    <td class="text-center">0</td>
    <td class="text-center">480.0秒</td>
    <td class="text-center"><a href="javascript:showClassDetail('c2',5)" class="detail" id='c2'>详细</a></td>
</tr>

<tr id='ft2_1' class='none' style="font-size:12px;">
    <td class='failCase' style="vertical-align: middle"><div class='testcase'>test_login_password <br>  </div></td>
    <td colspan='5' align='center'>
    <!--默认收起错误信息 -Findyou
    <button id='btn_ft2_1' type="button"  class="btn btn-xs 
    collapsed" data-toggle="collapse" data-target='#div_ft2_1'>失败</button>
    <div id='div_ft2_1' class="collapse">  -->

    <!-- 默认展开错误信息 -Findyou /  修复失败按钮的颜色 -- Gelomen -->
    <button id='btn_ft2_1' type="button"  class="btn btn-xs" data-toggle="collapse" data-target='#div_ft2_1,#div_ft2_1_screenshot'>失败</button>
    <div id='div_ft2_1' class="collapse in">
    <pre style="text-align:left">
    
ft2_1: Traceback (most recent call last):
  File "/Users/vanthink_test_ios/aa/testone/testfarm/test_program/utils/assert_func.py", line 19, in _fail
    raise failure
AssertionError: Error- 未获取到toast:手机号或密码错误
/Users/vanthink_test_ios/aa/testone/testfarm/test_program/app/honor/student/login/test_cases/test002_login_pwd.py  line:76


    </pre>
    </div>
    </td>
    <td class="text-center" style="vertical-align: middle"><div id='div_ft2_1_screenshot' class="collapse in">查看截图：</br><a class="screenshot" href="javascript:void(0)" img="image/Fail_2.png">Fail_2.png</a></div></td>
</tr>

<tr id='ft2_2' class='none' style="font-size:12px;">
    <td class='failCase' style="vertical-align: middle"><div class='testcase'>test_login_password <br>  </div></td>
    <td colspan='5' align='center'>
    <!--默认收起错误信息 -Findyou
    <button id='btn_ft2_2' type="button"  class="btn btn-xs 
    collapsed" data-toggle="collapse" data-target='#div_ft2_2'>失败</button>
    <div id='div_ft2_2' class="collapse">  -->

    <!-- 默认展开错误信息 -Findyou /  修复失败按钮的颜色 -- Gelomen -->
    <button id='btn_ft2_2' type="button"  class="btn btn-xs" data-toggle="collapse" data-target='#div_ft2_2,#div_ft2_2_screenshot'>失败</button>
    <div id='div_ft2_2' class="collapse in">
    <pre style="text-align:left">
    
ft2_2: Traceback (most recent call last):
  File "/Users/vanthink_test_ios/aa/testone/testfarm/test_program/utils/assert_func.py", line 19, in _fail
    raise failure
AssertionError: Error- 未获取到toast:手机号或密码错误
/Users/vanthink_test_ios/aa/testone/testfarm/test_program/app/honor/student/login/test_cases/test002_login_pwd.py  line:76


    </pre>
    </div>
    </td>
    <td class="text-center" style="vertical-align: middle"><div id='div_ft2_2_screenshot' class="collapse in">查看截图：</br><a class="screenshot" href="javascript:void(0)" img="image/Fail_3.png">Fail_3.png</a></div></td>
</tr>

<tr id='ft2_3' class='none' style="font-size:12px;">
    <td class='failCase' style="vertical-align: middle"><div class='testcase'>test_login_password <br>  </div></td>
    <td colspan='5' align='center'>
    <!--默认收起错误信息 -Findyou
    <button id='btn_ft2_3' type="button"  class="btn btn-xs 
    collapsed" data-toggle="collapse" data-target='#div_ft2_3'>失败</button>
    <div id='div_ft2_3' class="collapse">  -->

    <!-- 默认展开错误信息 -Findyou /  修复失败按钮的颜色 -- Gelomen -->
    <button id='btn_ft2_3' type="button"  class="btn btn-xs" data-toggle="collapse" data-target='#div_ft2_3,#div_ft2_3_screenshot'>失败</button>
    <div id='div_ft2_3' class="collapse in">
    <pre style="text-align:left">
    
ft2_3: Traceback (most recent call last):
  File "/Users/vanthink_test_ios/aa/testone/testfarm/test_program/utils/assert_func.py", line 19, in _fail
    raise failure
AssertionError: Error- 未获取到toast:手机号或密码错误
/Users/vanthink_test_ios/aa/testone/testfarm/test_program/app/honor/student/login/test_cases/test002_login_pwd.py  line:76


    </pre>
    </div>
    </td>
    <td class="text-center" style="vertical-align: middle"><div id='div_ft2_3_screenshot' class="collapse in">查看截图：</br><a class="screenshot" href="javascript:void(0)" img="image/Fail_4.png">Fail_4.png</a></div></td>
</tr>

<tr id='ft2_4' class='none' style="font-size:12px;">
    <td class='failCase' style="vertical-align: middle"><div class='testcase'>test_login_password <br>  </div></td>
    <td colspan='5' align='center'>
    <!--默认收起错误信息 -Findyou
    <button id='btn_ft2_4' type="button"  class="btn btn-xs 
    collapsed" data-toggle="collapse" data-target='#div_ft2_4'>失败</button>
    <div id='div_ft2_4' class="collapse">  -->

    <!-- 默认展开错误信息 -Findyou /  修复失败按钮的颜色 -- Gelomen -->
    <button id='btn_ft2_4' type="button"  class="btn btn-xs" data-toggle="collapse" data-target='#div_ft2_4,#div_ft2_4_screenshot'>失败</button>
    <div id='div_ft2_4' class="collapse in">
    <pre style="text-align:left">
    
ft2_4: Traceback (most recent call last):
  File "/Users/vanthink_test_ios/aa/testone/testfarm/test_program/utils/assert_func.py", line 19, in _fail
    raise failure
AssertionError: Error- 未获取到toast:手机号或密码错误
/Users/vanthink_test_ios/aa/testone/testfarm/test_program/app/honor/student/login/test_cases/test002_login_pwd.py  line:76


    </pre>
    </div>
    </td>
    <td class="text-center" style="vertical-align: middle"><div id='div_ft2_4_screenshot' class="collapse in">查看截图：</br><a class="screenshot" href="javascript:void(0)" img="image/Fail_5.png">Fail_5.png</a></div></td>
</tr>

<tr id='pt2_5' class='hiddenRow' style="font-size:12px;">
    <td class='passCase' style="vertical-align: middle"><div class='testcase'>test_login_password <br>  </div></td>
    <td colspan='5' align='center'>
    <!--默认收起错误信息 -Findyou
    <button id='btn_pt2_5' type="button"  class="btn btn-xs 
    collapsed" data-toggle="collapse" data-target='#div_pt2_5'>通过</button>
    <div id='div_pt2_5' class="collapse">  -->

    <!-- 默认展开错误信息 -Findyou /  修复失败按钮的颜色 -- Gelomen -->
    <button id='btn_pt2_5' type="button"  class="btn btn-xs" data-toggle="collapse" data-target='#div_pt2_5,#div_pt2_5_screenshot'>通过</button>
    <div id='div_pt2_5' class="collapse in">
    <pre style="text-align:left">
    
pt2_5: 已登录
获取尺寸： {'width': 1080, 'height': 1920}
页面滑动: 540 1728 540 576
----------------
--------------------------
确定退出当前账号吗?
--------------------------
账号: 17711110000
密码: 
登录失败
----------------------------------
账号: 17711110000
密码:       
登录失败
----------------------------------
账号: 17711110000
密码: 123ewr78
report_path: ./testfarm/templates/test_report/student/MZ_M15/7_1_2/20200228_172631/
screen_shot[Fail--Fail_2.png]screen_shot

登录失败
----------------------------------
账号: 17711110000
密码: 3$#3r@#7r
report_path: ./testfarm/templates/test_report/student/MZ_M15/7_1_2/20200228_172631/
screen_shot[Fail--Fail_3.png]screen_shot

登录失败
----------------------------------
账号: 17711110000
密码: 12as
report_path: ./testfarm/templates/test_report/student/MZ_M15/7_1_2/20200228_172631/
screen_shot[Fail--Fail_4.png]screen_shot

登录失败
----------------------------------
账号: 17711110000
密码: 456789sfsfwrzxcsad123sa
report_path: ./testfarm/templates/test_report/student/MZ_M15/7_1_2/20200228_172631/
screen_shot[Fail--Fail_5.png]screen_shot

登录失败
----------------------------------
账号: 
密码: 
登录失败
----------------------------------
账号: 17711110000
密码: 123456
登录成功
----------------------------------


    </pre>
    </div>
    </td>
    <td class="text-center" style="vertical-align: middle"><div id='div_pt2_5_screenshot' class="collapse in">查看截图：</div></td>
</tr>

<tr class='passClass warning' style="font-size:12px;">
    <td>LoginForgetPhone &nbsp &nbsp 忘记密码 -手机号</td>
    <td class="text-center">1</td>
    <td class="text-center">1</td>
    <td class="text-center">0</td>
    <td class="text-center">0</td>
    <td class="text-center">32.62秒</td>
    <td class="text-center"><a href="javascript:showClassDetail('c3',1)" class="detail" id='c3'>详细</a></td>
</tr>

    <tr id='pt3_1' class='hiddenRow' style="font-size:12px;">
        <td class='passCase' style="vertical-align: middle"><div class='testcase'>test_forget_pwd<br></div></td>
        <td colspan='5' align='center'>
        <!--默认收起错误信息 -Findyou
        <button id='btn_pt3_1' type="button"  class="btn btn-xs collapsed" data-toggle="collapse" data-target='#div_pt3_1'>通过</button>
        <div id='div_pt3_1' class="collapse">  -->

        <!-- 默认展开错误信息 -Findyou /  修复失败按钮的颜色 -- Gelomen -->
        <button id='btn_pt3_1' type="button"  class="btn btn-xs" data-toggle="collapse" data-target='#div_pt3_1'>通过</button>
        <div id='div_pt3_1' class="collapse in">
        <pre style="text-align:left">
        
pt3_1: 已登录
获取尺寸： {'width': 1080, 'height': 1920}
页面滑动: 540 1728 540 576
----------------
--------------------------
确定退出当前账号吗?
--------------------------
---------------------------
账号: 182111
---------------------------
账号: 18764552343
---------------------------
账号: 11111111111
---------------------------
账号: 17711110000
验证码： 8769
❌❌❌ 未发现验证码验证失败信息提示！
新密码: 123456
新密码确认: 123456
--------------------
❌❌❌ Error -修改失败


        </pre>
        </div>
        </td>
        <td class='passCase' style="vertical-align: middle"></td>
    </tr>
    
<tr class='errorClass warning' style="font-size:12px;">
    <td>LoginForgetPwd &nbsp &nbsp 忘记密码 - 密码</td>
    <td class="text-center">1</td>
    <td class="text-center">0</td>
    <td class="text-center">0</td>
    <td class="text-center">1</td>
    <td class="text-center">86.38秒</td>
    <td class="text-center"><a href="javascript:showClassDetail('c4',1)" class="detail" id='c4'>详细</a></td>
</tr>

    <tr id='et4_1' class='none' style="font-size:12px;">
        <td class='errorCase' style="vertical-align: middle"><div class='testcase'>test_forget_pwd_<br></div></td>
        <td colspan='5' align='center'>
        <!--默认收起错误信息 -Findyou
        <button id='btn_et4_1' type="button"  class="btn btn-xs collapsed" data-toggle="collapse" data-target='#div_et4_1'>错误</button>
        <div id='div_et4_1' class="collapse">  -->

        <!-- 默认展开错误信息 -Findyou /  修复失败按钮的颜色 -- Gelomen -->
        <button id='btn_et4_1' type="button"  class="btn btn-xs" data-toggle="collapse" data-target='#div_et4_1'>错误</button>
        <div id='div_et4_1' class="collapse in">
        <pre style="text-align:left">
        
et4_1: 在登录界面
账号: 17711110000
/Users/vanthink_test_ios/Woker/test_IOS/virtual_env/lib/python3.6/site-packages/urllib3/connectionpool.py:858: InsecureRequestWarning: Unverified HTTPS request is being made. Adding certificate verification is strongly advised. See: https://urllib3.readthedocs.io/en/latest/advanced-usage.html#ssl-warnings
  InsecureRequestWarning)
❌❌❌ 按钮未变为重新发送
report_path: ./testfarm/templates/test_report/student/MZ_M15/7_1_2/20200228_172631/
report_path: ./testfarm/templates/test_report/student/MZ_M15/7_1_2/20200228_172631/
report_path: ./testfarm/templates/test_report/student/MZ_M15/7_1_2/20200228_172631/
report_path: ./testfarm/templates/test_report/student/MZ_M15/7_1_2/20200228_172631/
Traceback (most recent call last):
  File "/Users/vanthink_test_ios/aa/testone/testfarm/test_program/conf/decorator.py", line 28, in wrapper
    ret = func(*args, **kwargs)
  File "/Users/vanthink_test_ios/aa/testone/testfarm/test_program/app/honor/student/login/object_page/login_page.py", line 185, in get_code_button
    .find_element_by_id(self.id_type() + 'count_time')
  File "/Users/vanthink_test_ios/Woker/test_IOS/virtual_env/lib/python3.6/site-packages/selenium/webdriver/remote/webdriver.py", line 361, in find_element_by_id
    return self.find_element(by=By.ID, value=id_)
  File "/Users/vanthink_test_ios/Woker/test_IOS/virtual_env/lib/python3.6/site-packages/appium/webdriver/webdriver.py", line 272, in find_element
    'value': value})['value']
  File "/Users/vanthink_test_ios/Woker/test_IOS/virtual_env/lib/python3.6/site-packages/selenium/webdriver/remote/webdriver.py", line 318, in execute
    self.error_handler.check_response(response)
  File "/Users/vanthink_test_ios/Woker/test_IOS/virtual_env/lib/python3.6/site-packages/appium/webdriver/errorhandler.py", line 29, in check_response
    raise wde
  File "/Users/vanthink_test_ios/Woker/test_IOS/virtual_env/lib/python3.6/site-packages/appium/webdriver/errorhandler.py", line 24, in check_response
    super(MobileErrorHandler, self).check_response(response)
  File "/Users/vanthink_test_ios/Woker/test_IOS/virtual_env/lib/python3.6/site-packages/selenium/webdriver/remote/errorhandler.py", line 242, in check_response
    raise exception_class(message, screen, stacktrace)
selenium.common.exceptions.WebDriverException: Message: Session [a315919a-7d17-4b43-81ce-3c9d9e24e3d9] was terminated due to BROWSER_TIMEOUT
Stacktrace:
    at org.openqa.grid.internal.ActiveTestSessions.getExistingSession (ActiveTestSessions.java:115)
    at org.openqa.grid.internal.DefaultGridRegistry.getExistingSession (DefaultGridRegistry.java:380)
    at org.openqa.grid.web.servlet.handler.RequestHandler.getSession (RequestHandler.java:241)
    at org.openqa.grid.web.servlet.handler.RequestHandler.process (RequestHandler.java:123)
    at org.openqa.grid.web.servlet.DriverServlet.process (DriverServlet.java:86)
    at org.openqa.grid.web.servlet.DriverServlet.doPost (DriverServlet.java:70)
    at javax.servlet.http.HttpServlet.service (HttpServlet.java:707)
    at javax.servlet.http.HttpServlet.service (HttpServlet.java:790)
    at org.seleniumhq.jetty9.servlet.ServletHolder.handle (ServletHolder.java:860)
    at org.seleniumhq.jetty9.servlet.ServletHandler.doHandle (ServletHandler.java:535)
    at org.seleniumhq.jetty9.server.handler.ScopedHandler.nextHandle (ScopedHandler.java:188)
    at org.seleniumhq.jetty9.server.session.SessionHandler.doHandle (SessionHandler.java:1595)
    at org.seleniumhq.jetty9.server.handler.ScopedHandler.nextHandle (ScopedHandler.java:188)
    at org.seleniumhq.jetty9.server.handler.ContextHandler.doHandle (ContextHandler.java:1253)
    at org.seleniumhq.jetty9.server.handler.ScopedHandler.nextScope (ScopedHandler.java:168)
    at org.seleniumhq.jetty9.servlet.ServletHandler.doScope (ServletHandler.java:473)
    at org.seleniumhq.jetty9.server.session.SessionHandler.doScope (SessionHandler.java:1564)
    at org.seleniumhq.jetty9.server.handler.ScopedHandler.nextScope (ScopedHandler.java:166)
    at org.seleniumhq.jetty9.server.handler.ContextHandler.doScope (ContextHandler.java:1155)
    at org.seleniumhq.jetty9.server.handler.ScopedHandler.handle (ScopedHandler.java:141)
    at org.seleniumhq.jetty9.server.handler.HandlerWrapper.handle (HandlerWrapper.java:132)
    at org.seleniumhq.jetty9.server.Server.handle (Server.java:530)
    at org.seleniumhq.jetty9.server.HttpChannel.handle (HttpChannel.java:347)
    at org.seleniumhq.jetty9.server.HttpConnection.onFillable (HttpConnection.java:256)
    at org.seleniumhq.jetty9.io.AbstractConnection$ReadCallback.succeeded (AbstractConnection.java:279)
    at org.seleniumhq.jetty9.io.FillInterest.fillable (FillInterest.java:102)
    at org.seleniumhq.jetty9.io.ChannelEndPoint$2.run (ChannelEndPoint.java:124)
    at org.seleniumhq.jetty9.util.thread.strategy.EatWhatYouKill.doProduce (EatWhatYouKill.java:247)
    at org.seleniumhq.jetty9.util.thread.strategy.EatWhatYouKill.produce (EatWhatYouKill.java:140)
    at org.seleniumhq.jetty9.util.thread.strategy.EatWhatYouKill.run (EatWhatYouKill.java:131)
    at org.seleniumhq.jetty9.util.thread.ReservedThreadExecutor$ReservedThread.run (ReservedThreadExecutor.java:382)
    at org.seleniumhq.jetty9.util.thread.QueuedThreadPool.runJob (QueuedThreadPool.java:708)
    at org.seleniumhq.jetty9.util.thread.QueuedThreadPool$2.run (QueuedThreadPool.java:626)
    at java.lang.Thread.run (Thread.java:748)

During handling of the above exception, another exception occurred:

Traceback (most recent call last):
  File "/Users/vanthink_test_ios/aa/testone/testfarm/test_program/conf/decorator.py", line 28, in wrapper
    ret = func(*args, **kwargs)
  File "/Users/vanthink_test_ios/aa/testone/testfarm/test_program/app/honor/student/login/object_page/login_page.py", line 350, in verification_code_operate
    self.get_code_button().click()  # 获取验证码 按钮
  File "/Users/vanthink_test_ios/aa/testone/testfarm/test_program/conf/decorator.py", line 37, in wrapper
    raise WebDriverException(flag + screenshot('Error'))
  File "/Users/vanthink_test_ios/aa/testone/testfarm/test_program/conf/decorator.py", line 18, in screenshot
    img_name = DirAndFiles(report_path).get_screenshot(driver, error_type)
  File "/Users/vanthink_test_ios/Woker/test_IOS/virtual_env/lib/python3.6/site-packages/HTMLTestReportCN2.py", line 2668, in get_screenshot
    browser.get_screenshot_as_file(img_path)
  File "/Users/vanthink_test_ios/Woker/test_IOS/virtual_env/lib/python3.6/site-packages/selenium/webdriver/remote/webdriver.py", line 1072, in get_screenshot_as_file
    png = self.get_screenshot_as_png()
  File "/Users/vanthink_test_ios/Woker/test_IOS/virtual_env/lib/python3.6/site-packages/selenium/webdriver/remote/webdriver.py", line 1108, in get_screenshot_as_png
    return base64.b64decode(self.get_screenshot_as_base64().encode('ascii'))
  File "/Users/vanthink_test_ios/Woker/test_IOS/virtual_env/lib/python3.6/site-packages/selenium/webdriver/remote/webdriver.py", line 1120, in get_screenshot_as_base64
    return self.execute(Command.SCREENSHOT)['value']
  File "/Users/vanthink_test_ios/Woker/test_IOS/virtual_env/lib/python3.6/site-packages/selenium/webdriver/remote/webdriver.py", line 318, in execute
    self.error_handler.check_response(response)
  File "/Users/vanthink_test_ios/Woker/test_IOS/virtual_env/lib/python3.6/site-packages/appium/webdriver/errorhandler.py", line 29, in check_response
    raise wde
  File "/Users/vanthink_test_ios/Woker/test_IOS/virtual_env/lib/python3.6/site-packages/appium/webdriver/errorhandler.py", line 24, in check_response
    super(MobileErrorHandler, self).check_response(response)
  File "/Users/vanthink_test_ios/Woker/test_IOS/virtual_env/lib/python3.6/site-packages/selenium/webdriver/remote/errorhandler.py", line 242, in check_response
    raise exception_class(message, screen, stacktrace)
selenium.common.exceptions.WebDriverException: Message: Session [a315919a-7d17-4b43-81ce-3c9d9e24e3d9] was terminated due to BROWSER_TIMEOUT
Stacktrace:
    at org.openqa.grid.internal.ActiveTestSessions.getExistingSession (ActiveTestSessions.java:115)
    at org.openqa.grid.internal.DefaultGridRegistry.getExistingSession (DefaultGridRegistry.java:380)
    at org.openqa.grid.web.servlet.handler.RequestHandler.getSession (RequestHandler.java:241)
    at org.openqa.grid.web.servlet.handler.RequestHandler.process (RequestHandler.java:123)
    at org.openqa.grid.web.servlet.DriverServlet.process (DriverServlet.java:86)
    at org.openqa.grid.web.servlet.DriverServlet.doGet (DriverServlet.java:64)
    at javax.servlet.http.HttpServlet.service (HttpServlet.java:687)
    at javax.servlet.http.HttpServlet.service (HttpServlet.java:790)
    at org.seleniumhq.jetty9.servlet.ServletHolder.handle (ServletHolder.java:860)
    at org.seleniumhq.jetty9.servlet.ServletHandler.doHandle (ServletHandler.java:535)
    at org.seleniumhq.jetty9.server.handler.ScopedHandler.nextHandle (ScopedHandler.java:188)
    at org.seleniumhq.jetty9.server.session.SessionHandler.doHandle (SessionHandler.java:1595)
    at org.seleniumhq.jetty9.server.handler.ScopedHandler.nextHandle (ScopedHandler.java:188)
    at org.seleniumhq.jetty9.server.handler.ContextHandler.doHandle (ContextHandler.java:1253)
    at org.seleniumhq.jetty9.server.handler.ScopedHandler.nextScope (ScopedHandler.java:168)
    at org.seleniumhq.jetty9.servlet.ServletHandler.doScope (ServletHandler.java:473)
    at org.seleniumhq.jetty9.server.session.SessionHandler.doScope (SessionHandler.java:1564)
    at org.seleniumhq.jetty9.server.handler.ScopedHandler.nextScope (ScopedHandler.java:166)
    at org.seleniumhq.jetty9.server.handler.ContextHandler.doScope (ContextHandler.java:1155)
    at org.seleniumhq.jetty9.server.handler.ScopedHandler.handle (ScopedHandler.java:141)
    at org.seleniumhq.jetty9.server.handler.HandlerWrapper.handle (HandlerWrapper.java:132)
    at org.seleniumhq.jetty9.server.Server.handle (Server.java:530)
    at org.seleniumhq.jetty9.server.HttpChannel.handle (HttpChannel.java:347)
    at org.seleniumhq.jetty9.server.HttpConnection.onFillable (HttpConnection.java:256)
    at org.seleniumhq.jetty9.io.AbstractConnection$ReadCallback.succeeded (AbstractConnection.java:279)
    at org.seleniumhq.jetty9.io.FillInterest.fillable (FillInterest.java:102)
    at org.seleniumhq.jetty9.io.ChannelEndPoint$2.run (ChannelEndPoint.java:124)
    at org.seleniumhq.jetty9.util.thread.strategy.EatWhatYouKill.doProduce (EatWhatYouKill.java:247)
    at org.seleniumhq.jetty9.util.thread.strategy.EatWhatYouKill.produce (EatWhatYouKill.java:140)
    at org.seleniumhq.jetty9.util.thread.strategy.EatWhatYouKill.run (EatWhatYouKill.java:131)
    at org.seleniumhq.jetty9.util.thread.ReservedThreadExecutor$ReservedThread.run (ReservedThreadExecutor.java:382)
    at org.seleniumhq.jetty9.util.thread.QueuedThreadPool.runJob (QueuedThreadPool.java:708)
    at org.seleniumhq.jetty9.util.thread.QueuedThreadPool$2.run (QueuedThreadPool.java:626)
    at java.lang.Thread.run (Thread.java:748)

During handling of the above exception, another exception occurred:

Traceback (most recent call last):
  File "/Users/vanthink_test_ios/aa/testone/testfarm/test_program/conf/decorator.py", line 63, in wrapper
    ret = func(*args, **kwargs)
  File "/Users/vanthink_test_ios/aa/testone/testfarm/test_program/app/honor/student/login/test_cases/test004_forget_pwd_password.py", line 68, in forget_pwd_operate
    value = self.login.verification_code_operate(phone_data[-1]['account'], 'resetPassword')  # 获取验证码
  File "/Users/vanthink_test_ios/aa/testone/testfarm/test_program/conf/decorator.py", line 37, in wrapper
    raise WebDriverException(flag + screenshot('Error'))
  File "/Users/vanthink_test_ios/aa/testone/testfarm/test_program/conf/decorator.py", line 18, in screenshot
    img_name = DirAndFiles(report_path).get_screenshot(driver, error_type)
  File "/Users/vanthink_test_ios/Woker/test_IOS/virtual_env/lib/python3.6/site-packages/HTMLTestReportCN2.py", line 2668, in get_screenshot
    browser.get_screenshot_as_file(img_path)
  File "/Users/vanthink_test_ios/Woker/test_IOS/virtual_env/lib/python3.6/site-packages/selenium/webdriver/remote/webdriver.py", line 1072, in get_screenshot_as_file
    png = self.get_screenshot_as_png()
  File "/Users/vanthink_test_ios/Woker/test_IOS/virtual_env/lib/python3.6/site-packages/selenium/webdriver/remote/webdriver.py", line 1108, in get_screenshot_as_png
    return base64.b64decode(self.get_screenshot_as_base64().encode('ascii'))
  File "/Users/vanthink_test_ios/Woker/test_IOS/virtual_env/lib/python3.6/site-packages/selenium/webdriver/remote/webdriver.py", line 1120, in get_screenshot_as_base64
    return self.execute(Command.SCREENSHOT)['value']
  File "/Users/vanthink_test_ios/Woker/test_IOS/virtual_env/lib/python3.6/site-packages/selenium/webdriver/remote/webdriver.py", line 318, in execute
    self.error_handler.check_response(response)
  File "/Users/vanthink_test_ios/Woker/test_IOS/virtual_env/lib/python3.6/site-packages/appium/webdriver/errorhandler.py", line 29, in check_response
    raise wde
  File "/Users/vanthink_test_ios/Woker/test_IOS/virtual_env/lib/python3.6/site-packages/appium/webdriver/errorhandler.py", line 24, in check_response
    super(MobileErrorHandler, self).check_response(response)
  File "/Users/vanthink_test_ios/Woker/test_IOS/virtual_env/lib/python3.6/site-packages/selenium/webdriver/remote/errorhandler.py", line 242, in check_response
    raise exception_class(message, screen, stacktrace)
selenium.common.exceptions.WebDriverException: Message: Session [a315919a-7d17-4b43-81ce-3c9d9e24e3d9] was terminated due to BROWSER_TIMEOUT
Stacktrace:
    at org.openqa.grid.internal.ActiveTestSessions.getExistingSession (ActiveTestSessions.java:115)
    at org.openqa.grid.internal.DefaultGridRegistry.getExistingSession (DefaultGridRegistry.java:380)
    at org.openqa.grid.web.servlet.handler.RequestHandler.getSession (RequestHandler.java:241)
    at org.openqa.grid.web.servlet.handler.RequestHandler.process (RequestHandler.java:123)
    at org.openqa.grid.web.servlet.DriverServlet.process (DriverServlet.java:86)
    at org.openqa.grid.web.servlet.DriverServlet.doGet (DriverServlet.java:64)
    at javax.servlet.http.HttpServlet.service (HttpServlet.java:687)
    at javax.servlet.http.HttpServlet.service (HttpServlet.java:790)
    at org.seleniumhq.jetty9.servlet.ServletHolder.handle (ServletHolder.java:860)
    at org.seleniumhq.jetty9.servlet.ServletHandler.doHandle (ServletHandler.java:535)
    at org.seleniumhq.jetty9.server.handler.ScopedHandler.nextHandle (ScopedHandler.java:188)
    at org.seleniumhq.jetty9.server.session.SessionHandler.doHandle (SessionHandler.java:1595)
    at org.seleniumhq.jetty9.server.handler.ScopedHandler.nextHandle (ScopedHandler.java:188)
    at org.seleniumhq.jetty9.server.handler.ContextHandler.doHandle (ContextHandler.java:1253)
    at org.seleniumhq.jetty9.server.handler.ScopedHandler.nextScope (ScopedHandler.java:168)
    at org.seleniumhq.jetty9.servlet.ServletHandler.doScope (ServletHandler.java:473)
    at org.seleniumhq.jetty9.server.session.SessionHandler.doScope (SessionHandler.java:1564)
    at org.seleniumhq.jetty9.server.handler.ScopedHandler.nextScope (ScopedHandler.java:166)
    at org.seleniumhq.jetty9.server.handler.ContextHandler.doScope (ContextHandler.java:1155)
    at org.seleniumhq.jetty9.server.handler.ScopedHandler.handle (ScopedHandler.java:141)
    at org.seleniumhq.jetty9.server.handler.HandlerWrapper.handle (HandlerWrapper.java:132)
    at org.seleniumhq.jetty9.server.Server.handle (Server.java:530)
    at org.seleniumhq.jetty9.server.HttpChannel.handle (HttpChannel.java:347)
    at org.seleniumhq.jetty9.server.HttpConnection.onFillable (HttpConnection.java:256)
    at org.seleniumhq.jetty9.io.AbstractConnection$ReadCallback.succeeded (AbstractConnection.java:279)
    at org.seleniumhq.jetty9.io.FillInterest.fillable (FillInterest.java:102)
    at org.seleniumhq.jetty9.io.ChannelEndPoint$2.run (ChannelEndPoint.java:124)
    at org.seleniumhq.jetty9.util.thread.strategy.EatWhatYouKill.doProduce (EatWhatYouKill.java:247)
    at org.seleniumhq.jetty9.util.thread.strategy.EatWhatYouKill.produce (EatWhatYouKill.java:140)
    at org.seleniumhq.jetty9.util.thread.strategy.EatWhatYouKill.run (EatWhatYouKill.java:131)
    at org.seleniumhq.jetty9.util.thread.ReservedThreadExecutor$ReservedThread.run (ReservedThreadExecutor.java:382)
    at org.seleniumhq.jetty9.util.thread.QueuedThreadPool.runJob (QueuedThreadPool.java:708)
    at org.seleniumhq.jetty9.util.thread.QueuedThreadPool$2.run (QueuedThreadPool.java:626)
    at java.lang.Thread.run (Thread.java:748)

During handling of the above exception, another exception occurred:

Traceback (most recent call last):
  File "/Users/vanthink_test_ios/aa/testone/testfarm/test_program/conf/decorator.py", line 99, in wrapper
    ret = func(*args, **kwargs)
  File "/Users/vanthink_test_ios/aa/testone/testfarm/test_program/app/honor/student/login/test_cases/test004_forget_pwd_password.py", line 55, in test_forget_pwd_
    self.forget_pwd_operate()  # 具体操作
  File "/Users/vanthink_test_ios/aa/testone/testfarm/test_program/conf/decorator.py", line 73, in wrapper
    raise WebDriverException(flag + screenshot('Error'))
  File "/Users/vanthink_test_ios/aa/testone/testfarm/test_program/conf/decorator.py", line 18, in screenshot
    img_name = DirAndFiles(report_path).get_screenshot(driver, error_type)
  File "/Users/vanthink_test_ios/Woker/test_IOS/virtual_env/lib/python3.6/site-packages/HTMLTestReportCN2.py", line 2668, in get_screenshot
    browser.get_screenshot_as_file(img_path)
  File "/Users/vanthink_test_ios/Woker/test_IOS/virtual_env/lib/python3.6/site-packages/selenium/webdriver/remote/webdriver.py", line 1072, in get_screenshot_as_file
    png = self.get_screenshot_as_png()
  File "/Users/vanthink_test_ios/Woker/test_IOS/virtual_env/lib/python3.6/site-packages/selenium/webdriver/remote/webdriver.py", line 1108, in get_screenshot_as_png
    return base64.b64decode(self.get_screenshot_as_base64().encode('ascii'))
  File "/Users/vanthink_test_ios/Woker/test_IOS/virtual_env/lib/python3.6/site-packages/selenium/webdriver/remote/webdriver.py", line 1120, in get_screenshot_as_base64
    return self.execute(Command.SCREENSHOT)['value']
  File "/Users/vanthink_test_ios/Woker/test_IOS/virtual_env/lib/python3.6/site-packages/selenium/webdriver/remote/webdriver.py", line 318, in execute
    self.error_handler.check_response(response)
  File "/Users/vanthink_test_ios/Woker/test_IOS/virtual_env/lib/python3.6/site-packages/appium/webdriver/errorhandler.py", line 29, in check_response
    raise wde
  File "/Users/vanthink_test_ios/Woker/test_IOS/virtual_env/lib/python3.6/site-packages/appium/webdriver/errorhandler.py", line 24, in check_response
    super(MobileErrorHandler, self).check_response(response)
  File "/Users/vanthink_test_ios/Woker/test_IOS/virtual_env/lib/python3.6/site-packages/selenium/webdriver/remote/errorhandler.py", line 242, in check_response
    raise exception_class(message, screen, stacktrace)
selenium.common.exceptions.WebDriverException: Message: Session [a315919a-7d17-4b43-81ce-3c9d9e24e3d9] was terminated due to BROWSER_TIMEOUT
Stacktrace:
    at org.openqa.grid.internal.ActiveTestSessions.getExistingSession (ActiveTestSessions.java:115)
    at org.openqa.grid.internal.DefaultGridRegistry.getExistingSession (DefaultGridRegistry.java:380)
    at org.openqa.grid.web.servlet.handler.RequestHandler.getSession (RequestHandler.java:241)
    at org.openqa.grid.web.servlet.handler.RequestHandler.process (RequestHandler.java:123)
    at org.openqa.grid.web.servlet.DriverServlet.process (DriverServlet.java:86)
    at org.openqa.grid.web.servlet.DriverServlet.doGet (DriverServlet.java:64)
    at javax.servlet.http.HttpServlet.service (HttpServlet.java:687)
    at javax.servlet.http.HttpServlet.service (HttpServlet.java:790)
    at org.seleniumhq.jetty9.servlet.ServletHolder.handle (ServletHolder.java:860)
    at org.seleniumhq.jetty9.servlet.ServletHandler.doHandle (ServletHandler.java:535)
    at org.seleniumhq.jetty9.server.handler.ScopedHandler.nextHandle (ScopedHandler.java:188)
    at org.seleniumhq.jetty9.server.session.SessionHandler.doHandle (SessionHandler.java:1595)
    at org.seleniumhq.jetty9.server.handler.ScopedHandler.nextHandle (ScopedHandler.java:188)
    at org.seleniumhq.jetty9.server.handler.ContextHandler.doHandle (ContextHandler.java:1253)
    at org.seleniumhq.jetty9.server.handler.ScopedHandler.nextScope (ScopedHandler.java:168)
    at org.seleniumhq.jetty9.servlet.ServletHandler.doScope (ServletHandler.java:473)
    at org.seleniumhq.jetty9.server.session.SessionHandler.doScope (SessionHandler.java:1564)
    at org.seleniumhq.jetty9.server.handler.ScopedHandler.nextScope (ScopedHandler.java:166)
    at org.seleniumhq.jetty9.server.handler.ContextHandler.doScope (ContextHandler.java:1155)
    at org.seleniumhq.jetty9.server.handler.ScopedHandler.handle (ScopedHandler.java:141)
    at org.seleniumhq.jetty9.server.handler.HandlerWrapper.handle (HandlerWrapper.java:132)
    at org.seleniumhq.jetty9.server.Server.handle (Server.java:530)
    at org.seleniumhq.jetty9.server.HttpChannel.handle (HttpChannel.java:347)
    at org.seleniumhq.jetty9.server.HttpConnection.onFillable (HttpConnection.java:256)
    at org.seleniumhq.jetty9.io.AbstractConnection$ReadCallback.succeeded (AbstractConnection.java:279)
    at org.seleniumhq.jetty9.io.FillInterest.fillable (FillInterest.java:102)
    at org.seleniumhq.jetty9.io.ChannelEndPoint$2.run (ChannelEndPoint.java:124)
    at org.seleniumhq.jetty9.util.thread.strategy.EatWhatYouKill.doProduce (EatWhatYouKill.java:247)
    at org.seleniumhq.jetty9.util.thread.strategy.EatWhatYouKill.produce (EatWhatYouKill.java:140)
    at org.seleniumhq.jetty9.util.thread.strategy.EatWhatYouKill.run (EatWhatYouKill.java:131)
    at org.seleniumhq.jetty9.util.thread.ReservedThreadExecutor$ReservedThread.run (ReservedThreadExecutor.java:382)
    at org.seleniumhq.jetty9.util.thread.QueuedThreadPool.runJob (QueuedThreadPool.java:708)
    at org.seleniumhq.jetty9.util.thread.QueuedThreadPool$2.run (QueuedThreadPool.java:626)
    at java.lang.Thread.run (Thread.java:748)

During handling of the above exception, another exception occurred:

Traceback (most recent call last):
  File "/Users/vanthink_test_ios/aa/testone/testfarm/test_program/conf/decorator.py", line 109, in wrapper
    raise WebDriverException(flag + screenshot('Error'))
  File "/Users/vanthink_test_ios/aa/testone/testfarm/test_program/conf/decorator.py", line 18, in screenshot
    img_name = DirAndFiles(report_path).get_screenshot(driver, error_type)
  File "/Users/vanthink_test_ios/Woker/test_IOS/virtual_env/lib/python3.6/site-packages/HTMLTestReportCN2.py", line 2668, in get_screenshot
    browser.get_screenshot_as_file(img_path)
  File "/Users/vanthink_test_ios/Woker/test_IOS/virtual_env/lib/python3.6/site-packages/selenium/webdriver/remote/webdriver.py", line 1072, in get_screenshot_as_file
    png = self.get_screenshot_as_png()
  File "/Users/vanthink_test_ios/Woker/test_IOS/virtual_env/lib/python3.6/site-packages/selenium/webdriver/remote/webdriver.py", line 1108, in get_screenshot_as_png
    return base64.b64decode(self.get_screenshot_as_base64().encode('ascii'))
  File "/Users/vanthink_test_ios/Woker/test_IOS/virtual_env/lib/python3.6/site-packages/selenium/webdriver/remote/webdriver.py", line 1120, in get_screenshot_as_base64
    return self.execute(Command.SCREENSHOT)['value']
  File "/Users/vanthink_test_ios/Woker/test_IOS/virtual_env/lib/python3.6/site-packages/selenium/webdriver/remote/webdriver.py", line 318, in execute
    self.error_handler.check_response(response)
  File "/Users/vanthink_test_ios/Woker/test_IOS/virtual_env/lib/python3.6/site-packages/appium/webdriver/errorhandler.py", line 29, in check_response
    raise wde
  File "/Users/vanthink_test_ios/Woker/test_IOS/virtual_env/lib/python3.6/site-packages/appium/webdriver/errorhandler.py", line 24, in check_response
    super(MobileErrorHandler, self).check_response(response)
  File "/Users/vanthink_test_ios/Woker/test_IOS/virtual_env/lib/python3.6/site-packages/selenium/webdriver/remote/errorhandler.py", line 242, in check_response
    raise exception_class(message, screen, stacktrace)
selenium.common.exceptions.WebDriverException: Message: Session [a315919a-7d17-4b43-81ce-3c9d9e24e3d9] was terminated due to BROWSER_TIMEOUT
Stacktrace:
    at org.openqa.grid.internal.ActiveTestSessions.getExistingSession (ActiveTestSessions.java:115)
    at org.openqa.grid.internal.DefaultGridRegistry.getExistingSession (DefaultGridRegistry.java:380)
    at org.openqa.grid.web.servlet.handler.RequestHandler.getSession (RequestHandler.java:241)
    at org.openqa.grid.web.servlet.handler.RequestHandler.process (RequestHandler.java:123)
    at org.openqa.grid.web.servlet.DriverServlet.process (DriverServlet.java:86)
    at org.openqa.grid.web.servlet.DriverServlet.doGet (DriverServlet.java:64)
    at javax.servlet.http.HttpServlet.service (HttpServlet.java:687)
    at javax.servlet.http.HttpServlet.service (HttpServlet.java:790)
    at org.seleniumhq.jetty9.servlet.ServletHolder.handle (ServletHolder.java:860)
    at org.seleniumhq.jetty9.servlet.ServletHandler.doHandle (ServletHandler.java:535)
    at org.seleniumhq.jetty9.server.handler.ScopedHandler.nextHandle (ScopedHandler.java:188)
    at org.seleniumhq.jetty9.server.session.SessionHandler.doHandle (SessionHandler.java:1595)
    at org.seleniumhq.jetty9.server.handler.ScopedHandler.nextHandle (ScopedHandler.java:188)
    at org.seleniumhq.jetty9.server.handler.ContextHandler.doHandle (ContextHandler.java:1253)
    at org.seleniumhq.jetty9.server.handler.ScopedHandler.nextScope (ScopedHandler.java:168)
    at org.seleniumhq.jetty9.servlet.ServletHandler.doScope (ServletHandler.java:473)
    at org.seleniumhq.jetty9.server.session.SessionHandler.doScope (SessionHandler.java:1564)
    at org.seleniumhq.jetty9.server.handler.ScopedHandler.nextScope (ScopedHandler.java:166)
    at org.seleniumhq.jetty9.server.handler.ContextHandler.doScope (ContextHandler.java:1155)
    at org.seleniumhq.jetty9.server.handler.ScopedHandler.handle (ScopedHandler.java:141)
    at org.seleniumhq.jetty9.server.handler.HandlerWrapper.handle (HandlerWrapper.java:132)
    at org.seleniumhq.jetty9.server.Server.handle (Server.java:530)
    at org.seleniumhq.jetty9.server.HttpChannel.handle (HttpChannel.java:347)
    at org.seleniumhq.jetty9.server.HttpConnection.onFillable (HttpConnection.java:256)
    at org.seleniumhq.jetty9.io.AbstractConnection$ReadCallback.succeeded (AbstractConnection.java:279)
    at org.seleniumhq.jetty9.io.FillInterest.fillable (FillInterest.java:102)
    at org.seleniumhq.jetty9.io.ChannelEndPoint$2.run (ChannelEndPoint.java:124)
    at org.seleniumhq.jetty9.util.thread.strategy.EatWhatYouKill.doProduce (EatWhatYouKill.java:247)
    at org.seleniumhq.jetty9.util.thread.strategy.EatWhatYouKill.produce (EatWhatYouKill.java:140)
    at org.seleniumhq.jetty9.util.thread.strategy.EatWhatYouKill.run (EatWhatYouKill.java:131)
    at org.seleniumhq.jetty9.util.thread.ReservedThreadExecutor$ReservedThread.run (ReservedThreadExecutor.java:382)
    at org.seleniumhq.jetty9.util.thread.QueuedThreadPool.runJob (QueuedThreadPool.java:708)
    at org.seleniumhq.jetty9.util.thread.QueuedThreadPool$2.run (QueuedThreadPool.java:626)
    at java.lang.Thread.run (Thread.java:748)


        </pre>
        </div>
        </td>
        <td class='errorCase' style="vertical-align: middle"></td>
    </tr>
    
<tr class='errorClass warning' style="font-size:12px;">
    <td>Register &nbsp &nbsp 注册</td>
    <td class="text-center">1</td>
    <td class="text-center">0</td>
    <td class="text-center">0</td>
    <td class="text-center">1</td>
    <td class="text-center">0.02秒</td>
    <td class="text-center"><a href="javascript:showClassDetail('c5',1)" class="detail" id='c5'>详细</a></td>
</tr>

    <tr id='et5_1' class='none' style="font-size:12px;">
        <td class='errorCase' style="vertical-align: middle"><div class='testcase'>test_register<br></div></td>
        <td colspan='5' align='center'>
        <!--默认收起错误信息 -Findyou
        <button id='btn_et5_1' type="button"  class="btn btn-xs collapsed" data-toggle="collapse" data-target='#div_et5_1'>错误</button>
        <div id='div_et5_1' class="collapse">  -->

        <!-- 默认展开错误信息 -Findyou /  修复失败按钮的颜色 -- Gelomen -->
        <button id='btn_et5_1' type="button"  class="btn btn-xs" data-toggle="collapse" data-target='#div_et5_1'>错误</button>
        <div id='div_et5_1' class="collapse in">
        <pre style="text-align:left">
        
et5_1: 在其他页面
report_path: ./testfarm/templates/test_report/student/MZ_M15/7_1_2/20200228_172631/
report_path: ./testfarm/templates/test_report/student/MZ_M15/7_1_2/20200228_172631/
Traceback (most recent call last):
  File "/Users/vanthink_test_ios/aa/testone/testfarm/test_program/conf/decorator.py", line 28, in wrapper
    ret = func(*args, **kwargs)
  File "/Users/vanthink_test_ios/aa/testone/testfarm/test_program/app/honor/student/login/object_page/login_page.py", line 323, in close_app
    self.driver.close_app()
  File "/Users/vanthink_test_ios/Woker/test_IOS/virtual_env/lib/python3.6/site-packages/appium/webdriver/extensions/applications.py", line 102, in close_app
    self.execute(Command.CLOSE_APP)
  File "/Users/vanthink_test_ios/Woker/test_IOS/virtual_env/lib/python3.6/site-packages/selenium/webdriver/remote/webdriver.py", line 318, in execute
    self.error_handler.check_response(response)
  File "/Users/vanthink_test_ios/Woker/test_IOS/virtual_env/lib/python3.6/site-packages/appium/webdriver/errorhandler.py", line 29, in check_response
    raise wde
  File "/Users/vanthink_test_ios/Woker/test_IOS/virtual_env/lib/python3.6/site-packages/appium/webdriver/errorhandler.py", line 24, in check_response
    super(MobileErrorHandler, self).check_response(response)
  File "/Users/vanthink_test_ios/Woker/test_IOS/virtual_env/lib/python3.6/site-packages/selenium/webdriver/remote/errorhandler.py", line 242, in check_response
    raise exception_class(message, screen, stacktrace)
selenium.common.exceptions.WebDriverException: Message: Session [a315919a-7d17-4b43-81ce-3c9d9e24e3d9] was terminated due to BROWSER_TIMEOUT
Stacktrace:
    at org.openqa.grid.internal.ActiveTestSessions.getExistingSession (ActiveTestSessions.java:115)
    at org.openqa.grid.internal.DefaultGridRegistry.getExistingSession (DefaultGridRegistry.java:380)
    at org.openqa.grid.web.servlet.handler.RequestHandler.getSession (RequestHandler.java:241)
    at org.openqa.grid.web.servlet.handler.RequestHandler.process (RequestHandler.java:123)
    at org.openqa.grid.web.servlet.DriverServlet.process (DriverServlet.java:86)
    at org.openqa.grid.web.servlet.DriverServlet.doPost (DriverServlet.java:70)
    at javax.servlet.http.HttpServlet.service (HttpServlet.java:707)
    at javax.servlet.http.HttpServlet.service (HttpServlet.java:790)
    at org.seleniumhq.jetty9.servlet.ServletHolder.handle (ServletHolder.java:860)
    at org.seleniumhq.jetty9.servlet.ServletHandler.doHandle (ServletHandler.java:535)
    at org.seleniumhq.jetty9.server.handler.ScopedHandler.nextHandle (ScopedHandler.java:188)
    at org.seleniumhq.jetty9.server.session.SessionHandler.doHandle (SessionHandler.java:1595)
    at org.seleniumhq.jetty9.server.handler.ScopedHandler.nextHandle (ScopedHandler.java:188)
    at org.seleniumhq.jetty9.server.handler.ContextHandler.doHandle (ContextHandler.java:1253)
    at org.seleniumhq.jetty9.server.handler.ScopedHandler.nextScope (ScopedHandler.java:168)
    at org.seleniumhq.jetty9.servlet.ServletHandler.doScope (ServletHandler.java:473)
    at org.seleniumhq.jetty9.server.session.SessionHandler.doScope (SessionHandler.java:1564)
    at org.seleniumhq.jetty9.server.handler.ScopedHandler.nextScope (ScopedHandler.java:166)
    at org.seleniumhq.jetty9.server.handler.ContextHandler.doScope (ContextHandler.java:1155)
    at org.seleniumhq.jetty9.server.handler.ScopedHandler.handle (ScopedHandler.java:141)
    at org.seleniumhq.jetty9.server.handler.HandlerWrapper.handle (HandlerWrapper.java:132)
    at org.seleniumhq.jetty9.server.Server.handle (Server.java:530)
    at org.seleniumhq.jetty9.server.HttpChannel.handle (HttpChannel.java:347)
    at org.seleniumhq.jetty9.server.HttpConnection.onFillable (HttpConnection.java:256)
    at org.seleniumhq.jetty9.io.AbstractConnection$ReadCallback.succeeded (AbstractConnection.java:279)
    at org.seleniumhq.jetty9.io.FillInterest.fillable (FillInterest.java:102)
    at org.seleniumhq.jetty9.io.ChannelEndPoint$2.run (ChannelEndPoint.java:124)
    at org.seleniumhq.jetty9.util.thread.strategy.EatWhatYouKill.doProduce (EatWhatYouKill.java:247)
    at org.seleniumhq.jetty9.util.thread.strategy.EatWhatYouKill.produce (EatWhatYouKill.java:140)
    at org.seleniumhq.jetty9.util.thread.strategy.EatWhatYouKill.run (EatWhatYouKill.java:131)
    at org.seleniumhq.jetty9.util.thread.ReservedThreadExecutor$ReservedThread.run (ReservedThreadExecutor.java:382)
    at org.seleniumhq.jetty9.util.thread.QueuedThreadPool.runJob (QueuedThreadPool.java:708)
    at org.seleniumhq.jetty9.util.thread.QueuedThreadPool$2.run (QueuedThreadPool.java:626)
    at java.lang.Thread.run (Thread.java:748)

During handling of the above exception, another exception occurred:

Traceback (most recent call last):
  File "/Users/vanthink_test_ios/aa/testone/testfarm/test_program/conf/decorator.py", line 99, in wrapper
    ret = func(*args, **kwargs)
  File "/Users/vanthink_test_ios/aa/testone/testfarm/test_program/app/honor/student/login/test_cases/test005_register.py", line 49, in test_register
    self.login.close_app()  # 关闭APP
  File "/Users/vanthink_test_ios/aa/testone/testfarm/test_program/conf/decorator.py", line 37, in wrapper
    raise WebDriverException(flag + screenshot('Error'))
  File "/Users/vanthink_test_ios/aa/testone/testfarm/test_program/conf/decorator.py", line 18, in screenshot
    img_name = DirAndFiles(report_path).get_screenshot(driver, error_type)
  File "/Users/vanthink_test_ios/Woker/test_IOS/virtual_env/lib/python3.6/site-packages/HTMLTestReportCN2.py", line 2668, in get_screenshot
    browser.get_screenshot_as_file(img_path)
  File "/Users/vanthink_test_ios/Woker/test_IOS/virtual_env/lib/python3.6/site-packages/selenium/webdriver/remote/webdriver.py", line 1072, in get_screenshot_as_file
    png = self.get_screenshot_as_png()
  File "/Users/vanthink_test_ios/Woker/test_IOS/virtual_env/lib/python3.6/site-packages/selenium/webdriver/remote/webdriver.py", line 1108, in get_screenshot_as_png
    return base64.b64decode(self.get_screenshot_as_base64().encode('ascii'))
  File "/Users/vanthink_test_ios/Woker/test_IOS/virtual_env/lib/python3.6/site-packages/selenium/webdriver/remote/webdriver.py", line 1120, in get_screenshot_as_base64
    return self.execute(Command.SCREENSHOT)['value']
  File "/Users/vanthink_test_ios/Woker/test_IOS/virtual_env/lib/python3.6/site-packages/selenium/webdriver/remote/webdriver.py", line 318, in execute
    self.error_handler.check_response(response)
  File "/Users/vanthink_test_ios/Woker/test_IOS/virtual_env/lib/python3.6/site-packages/appium/webdriver/errorhandler.py", line 29, in check_response
    raise wde
  File "/Users/vanthink_test_ios/Woker/test_IOS/virtual_env/lib/python3.6/site-packages/appium/webdriver/errorhandler.py", line 24, in check_response
    super(MobileErrorHandler, self).check_response(response)
  File "/Users/vanthink_test_ios/Woker/test_IOS/virtual_env/lib/python3.6/site-packages/selenium/webdriver/remote/errorhandler.py", line 242, in check_response
    raise exception_class(message, screen, stacktrace)
selenium.common.exceptions.WebDriverException: Message: Session [a315919a-7d17-4b43-81ce-3c9d9e24e3d9] was terminated due to BROWSER_TIMEOUT
Stacktrace:
    at org.openqa.grid.internal.ActiveTestSessions.getExistingSession (ActiveTestSessions.java:115)
    at org.openqa.grid.internal.DefaultGridRegistry.getExistingSession (DefaultGridRegistry.java:380)
    at org.openqa.grid.web.servlet.handler.RequestHandler.getSession (RequestHandler.java:241)
    at org.openqa.grid.web.servlet.handler.RequestHandler.process (RequestHandler.java:123)
    at org.openqa.grid.web.servlet.DriverServlet.process (DriverServlet.java:86)
    at org.openqa.grid.web.servlet.DriverServlet.doGet (DriverServlet.java:64)
    at javax.servlet.http.HttpServlet.service (HttpServlet.java:687)
    at javax.servlet.http.HttpServlet.service (HttpServlet.java:790)
    at org.seleniumhq.jetty9.servlet.ServletHolder.handle (ServletHolder.java:860)
    at org.seleniumhq.jetty9.servlet.ServletHandler.doHandle (ServletHandler.java:535)
    at org.seleniumhq.jetty9.server.handler.ScopedHandler.nextHandle (ScopedHandler.java:188)
    at org.seleniumhq.jetty9.server.session.SessionHandler.doHandle (SessionHandler.java:1595)
    at org.seleniumhq.jetty9.server.handler.ScopedHandler.nextHandle (ScopedHandler.java:188)
    at org.seleniumhq.jetty9.server.handler.ContextHandler.doHandle (ContextHandler.java:1253)
    at org.seleniumhq.jetty9.server.handler.ScopedHandler.nextScope (ScopedHandler.java:168)
    at org.seleniumhq.jetty9.servlet.ServletHandler.doScope (ServletHandler.java:473)
    at org.seleniumhq.jetty9.server.session.SessionHandler.doScope (SessionHandler.java:1564)
    at org.seleniumhq.jetty9.server.handler.ScopedHandler.nextScope (ScopedHandler.java:166)
    at org.seleniumhq.jetty9.server.handler.ContextHandler.doScope (ContextHandler.java:1155)
    at org.seleniumhq.jetty9.server.handler.ScopedHandler.handle (ScopedHandler.java:141)
    at org.seleniumhq.jetty9.server.handler.HandlerWrapper.handle (HandlerWrapper.java:132)
    at org.seleniumhq.jetty9.server.Server.handle (Server.java:530)
    at org.seleniumhq.jetty9.server.HttpChannel.handle (HttpChannel.java:347)
    at org.seleniumhq.jetty9.server.HttpConnection.onFillable (HttpConnection.java:256)
    at org.seleniumhq.jetty9.io.AbstractConnection$ReadCallback.succeeded (AbstractConnection.java:279)
    at org.seleniumhq.jetty9.io.FillInterest.fillable (FillInterest.java:102)
    at org.seleniumhq.jetty9.io.ChannelEndPoint$2.run (ChannelEndPoint.java:124)
    at org.seleniumhq.jetty9.util.thread.strategy.EatWhatYouKill.doProduce (EatWhatYouKill.java:247)
    at org.seleniumhq.jetty9.util.thread.strategy.EatWhatYouKill.produce (EatWhatYouKill.java:140)
    at org.seleniumhq.jetty9.util.thread.strategy.EatWhatYouKill.run (EatWhatYouKill.java:131)
    at org.seleniumhq.jetty9.util.thread.ReservedThreadExecutor$ReservedThread.run (ReservedThreadExecutor.java:382)
    at org.seleniumhq.jetty9.util.thread.QueuedThreadPool.runJob (QueuedThreadPool.java:708)
    at org.seleniumhq.jetty9.util.thread.QueuedThreadPool$2.run (QueuedThreadPool.java:626)
    at java.lang.Thread.run (Thread.java:748)

During handling of the above exception, another exception occurred:

Traceback (most recent call last):
  File "/Users/vanthink_test_ios/aa/testone/testfarm/test_program/conf/decorator.py", line 109, in wrapper
    raise WebDriverException(flag + screenshot('Error'))
  File "/Users/vanthink_test_ios/aa/testone/testfarm/test_program/conf/decorator.py", line 18, in screenshot
    img_name = DirAndFiles(report_path).get_screenshot(driver, error_type)
  File "/Users/vanthink_test_ios/Woker/test_IOS/virtual_env/lib/python3.6/site-packages/HTMLTestReportCN2.py", line 2668, in get_screenshot
    browser.get_screenshot_as_file(img_path)
  File "/Users/vanthink_test_ios/Woker/test_IOS/virtual_env/lib/python3.6/site-packages/selenium/webdriver/remote/webdriver.py", line 1072, in get_screenshot_as_file
    png = self.get_screenshot_as_png()
  File "/Users/vanthink_test_ios/Woker/test_IOS/virtual_env/lib/python3.6/site-packages/selenium/webdriver/remote/webdriver.py", line 1108, in get_screenshot_as_png
    return base64.b64decode(self.get_screenshot_as_base64().encode('ascii'))
  File "/Users/vanthink_test_ios/Woker/test_IOS/virtual_env/lib/python3.6/site-packages/selenium/webdriver/remote/webdriver.py", line 1120, in get_screenshot_as_base64
    return self.execute(Command.SCREENSHOT)['value']
  File "/Users/vanthink_test_ios/Woker/test_IOS/virtual_env/lib/python3.6/site-packages/selenium/webdriver/remote/webdriver.py", line 318, in execute
    self.error_handler.check_response(response)
  File "/Users/vanthink_test_ios/Woker/test_IOS/virtual_env/lib/python3.6/site-packages/appium/webdriver/errorhandler.py", line 29, in check_response
    raise wde
  File "/Users/vanthink_test_ios/Woker/test_IOS/virtual_env/lib/python3.6/site-packages/appium/webdriver/errorhandler.py", line 24, in check_response
    super(MobileErrorHandler, self).check_response(response)
  File "/Users/vanthink_test_ios/Woker/test_IOS/virtual_env/lib/python3.6/site-packages/selenium/webdriver/remote/errorhandler.py", line 242, in check_response
    raise exception_class(message, screen, stacktrace)
selenium.common.exceptions.WebDriverException: Message: Session [a315919a-7d17-4b43-81ce-3c9d9e24e3d9] was terminated due to BROWSER_TIMEOUT
Stacktrace:
    at org.openqa.grid.internal.ActiveTestSessions.getExistingSession (ActiveTestSessions.java:115)
    at org.openqa.grid.internal.DefaultGridRegistry.getExistingSession (DefaultGridRegistry.java:380)
    at org.openqa.grid.web.servlet.handler.RequestHandler.getSession (RequestHandler.java:241)
    at org.openqa.grid.web.servlet.handler.RequestHandler.process (RequestHandler.java:123)
    at org.openqa.grid.web.servlet.DriverServlet.process (DriverServlet.java:86)
    at org.openqa.grid.web.servlet.DriverServlet.doGet (DriverServlet.java:64)
    at javax.servlet.http.HttpServlet.service (HttpServlet.java:687)
    at javax.servlet.http.HttpServlet.service (HttpServlet.java:790)
    at org.seleniumhq.jetty9.servlet.ServletHolder.handle (ServletHolder.java:860)
    at org.seleniumhq.jetty9.servlet.ServletHandler.doHandle (ServletHandler.java:535)
    at org.seleniumhq.jetty9.server.handler.ScopedHandler.nextHandle (ScopedHandler.java:188)
    at org.seleniumhq.jetty9.server.session.SessionHandler.doHandle (SessionHandler.java:1595)
    at org.seleniumhq.jetty9.server.handler.ScopedHandler.nextHandle (ScopedHandler.java:188)
    at org.seleniumhq.jetty9.server.handler.ContextHandler.doHandle (ContextHandler.java:1253)
    at org.seleniumhq.jetty9.server.handler.ScopedHandler.nextScope (ScopedHandler.java:168)
    at org.seleniumhq.jetty9.servlet.ServletHandler.doScope (ServletHandler.java:473)
    at org.seleniumhq.jetty9.server.session.SessionHandler.doScope (SessionHandler.java:1564)
    at org.seleniumhq.jetty9.server.handler.ScopedHandler.nextScope (ScopedHandler.java:166)
    at org.seleniumhq.jetty9.server.handler.ContextHandler.doScope (ContextHandler.java:1155)
    at org.seleniumhq.jetty9.server.handler.ScopedHandler.handle (ScopedHandler.java:141)
    at org.seleniumhq.jetty9.server.handler.HandlerWrapper.handle (HandlerWrapper.java:132)
    at org.seleniumhq.jetty9.server.Server.handle (Server.java:530)
    at org.seleniumhq.jetty9.server.HttpChannel.handle (HttpChannel.java:347)
    at org.seleniumhq.jetty9.server.HttpConnection.onFillable (HttpConnection.java:256)
    at org.seleniumhq.jetty9.io.AbstractConnection$ReadCallback.succeeded (AbstractConnection.java:279)
    at org.seleniumhq.jetty9.io.FillInterest.fillable (FillInterest.java:102)
    at org.seleniumhq.jetty9.io.ChannelEndPoint$2.run (ChannelEndPoint.java:124)
    at org.seleniumhq.jetty9.util.thread.strategy.EatWhatYouKill.doProduce (EatWhatYouKill.java:247)
    at org.seleniumhq.jetty9.util.thread.strategy.EatWhatYouKill.produce (EatWhatYouKill.java:140)
    at org.seleniumhq.jetty9.util.thread.strategy.EatWhatYouKill.run (EatWhatYouKill.java:131)
    at org.seleniumhq.jetty9.util.thread.ReservedThreadExecutor$ReservedThread.run (ReservedThreadExecutor.java:382)
    at org.seleniumhq.jetty9.util.thread.QueuedThreadPool.runJob (QueuedThreadPool.java:708)
    at org.seleniumhq.jetty9.util.thread.QueuedThreadPool$2.run (QueuedThreadPool.java:626)
    at java.lang.Thread.run (Thread.java:748)


        </pre>
        </div>
        </td>
        <td class='errorCase' style="vertical-align: middle"></td>
    </tr>
    
<tr class='errorClass warning' style="font-size:12px;">
    <td>Register &nbsp &nbsp 注册 - 昵称</td>
    <td class="text-center">1</td>
    <td class="text-center">0</td>
    <td class="text-center">0</td>
    <td class="text-center">1</td>
    <td class="text-center">0.01秒</td>
    <td class="text-center"><a href="javascript:showClassDetail('c6',1)" class="detail" id='c6'>详细</a></td>
</tr>

    <tr id='et6_1' class='none' style="font-size:12px;">
        <td class='errorCase' style="vertical-align: middle"><div class='testcase'>test_register_nickname<br></div></td>
        <td colspan='5' align='center'>
        <!--默认收起错误信息 -Findyou
        <button id='btn_et6_1' type="button"  class="btn btn-xs collapsed" data-toggle="collapse" data-target='#div_et6_1'>错误</button>
        <div id='div_et6_1' class="collapse">  -->

        <!-- 默认展开错误信息 -Findyou /  修复失败按钮的颜色 -- Gelomen -->
        <button id='btn_et6_1' type="button"  class="btn btn-xs" data-toggle="collapse" data-target='#div_et6_1'>错误</button>
        <div id='div_et6_1' class="collapse in">
        <pre style="text-align:left">
        
et6_1: 在其他页面
report_path: ./testfarm/templates/test_report/student/MZ_M15/7_1_2/20200228_172631/
report_path: ./testfarm/templates/test_report/student/MZ_M15/7_1_2/20200228_172631/
Traceback (most recent call last):
  File "/Users/vanthink_test_ios/aa/testone/testfarm/test_program/conf/decorator.py", line 28, in wrapper
    ret = func(*args, **kwargs)
  File "/Users/vanthink_test_ios/aa/testone/testfarm/test_program/app/honor/student/login/object_page/login_page.py", line 323, in close_app
    self.driver.close_app()
  File "/Users/vanthink_test_ios/Woker/test_IOS/virtual_env/lib/python3.6/site-packages/appium/webdriver/extensions/applications.py", line 102, in close_app
    self.execute(Command.CLOSE_APP)
  File "/Users/vanthink_test_ios/Woker/test_IOS/virtual_env/lib/python3.6/site-packages/selenium/webdriver/remote/webdriver.py", line 318, in execute
    self.error_handler.check_response(response)
  File "/Users/vanthink_test_ios/Woker/test_IOS/virtual_env/lib/python3.6/site-packages/appium/webdriver/errorhandler.py", line 29, in check_response
    raise wde
  File "/Users/vanthink_test_ios/Woker/test_IOS/virtual_env/lib/python3.6/site-packages/appium/webdriver/errorhandler.py", line 24, in check_response
    super(MobileErrorHandler, self).check_response(response)
  File "/Users/vanthink_test_ios/Woker/test_IOS/virtual_env/lib/python3.6/site-packages/selenium/webdriver/remote/errorhandler.py", line 242, in check_response
    raise exception_class(message, screen, stacktrace)
selenium.common.exceptions.WebDriverException: Message: Session [a315919a-7d17-4b43-81ce-3c9d9e24e3d9] was terminated due to BROWSER_TIMEOUT
Stacktrace:
    at org.openqa.grid.internal.ActiveTestSessions.getExistingSession (ActiveTestSessions.java:115)
    at org.openqa.grid.internal.DefaultGridRegistry.getExistingSession (DefaultGridRegistry.java:380)
    at org.openqa.grid.web.servlet.handler.RequestHandler.getSession (RequestHandler.java:241)
    at org.openqa.grid.web.servlet.handler.RequestHandler.process (RequestHandler.java:123)
    at org.openqa.grid.web.servlet.DriverServlet.process (DriverServlet.java:86)
    at org.openqa.grid.web.servlet.DriverServlet.doPost (DriverServlet.java:70)
    at javax.servlet.http.HttpServlet.service (HttpServlet.java:707)
    at javax.servlet.http.HttpServlet.service (HttpServlet.java:790)
    at org.seleniumhq.jetty9.servlet.ServletHolder.handle (ServletHolder.java:860)
    at org.seleniumhq.jetty9.servlet.ServletHandler.doHandle (ServletHandler.java:535)
    at org.seleniumhq.jetty9.server.handler.ScopedHandler.nextHandle (ScopedHandler.java:188)
    at org.seleniumhq.jetty9.server.session.SessionHandler.doHandle (SessionHandler.java:1595)
    at org.seleniumhq.jetty9.server.handler.ScopedHandler.nextHandle (ScopedHandler.java:188)
    at org.seleniumhq.jetty9.server.handler.ContextHandler.doHandle (ContextHandler.java:1253)
    at org.seleniumhq.jetty9.server.handler.ScopedHandler.nextScope (ScopedHandler.java:168)
    at org.seleniumhq.jetty9.servlet.ServletHandler.doScope (ServletHandler.java:473)
    at org.seleniumhq.jetty9.server.session.SessionHandler.doScope (SessionHandler.java:1564)
    at org.seleniumhq.jetty9.server.handler.ScopedHandler.nextScope (ScopedHandler.java:166)
    at org.seleniumhq.jetty9.server.handler.ContextHandler.doScope (ContextHandler.java:1155)
    at org.seleniumhq.jetty9.server.handler.ScopedHandler.handle (ScopedHandler.java:141)
    at org.seleniumhq.jetty9.server.handler.HandlerWrapper.handle (HandlerWrapper.java:132)
    at org.seleniumhq.jetty9.server.Server.handle (Server.java:530)
    at org.seleniumhq.jetty9.server.HttpChannel.handle (HttpChannel.java:347)
    at org.seleniumhq.jetty9.server.HttpConnection.onFillable (HttpConnection.java:256)
    at org.seleniumhq.jetty9.io.AbstractConnection$ReadCallback.succeeded (AbstractConnection.java:279)
    at org.seleniumhq.jetty9.io.FillInterest.fillable (FillInterest.java:102)
    at org.seleniumhq.jetty9.io.ChannelEndPoint$2.run (ChannelEndPoint.java:124)
    at org.seleniumhq.jetty9.util.thread.strategy.EatWhatYouKill.doProduce (EatWhatYouKill.java:247)
    at org.seleniumhq.jetty9.util.thread.strategy.EatWhatYouKill.produce (EatWhatYouKill.java:140)
    at org.seleniumhq.jetty9.util.thread.strategy.EatWhatYouKill.run (EatWhatYouKill.java:131)
    at org.seleniumhq.jetty9.util.thread.ReservedThreadExecutor$ReservedThread.run (ReservedThreadExecutor.java:382)
    at org.seleniumhq.jetty9.util.thread.QueuedThreadPool.runJob (QueuedThreadPool.java:708)
    at org.seleniumhq.jetty9.util.thread.QueuedThreadPool$2.run (QueuedThreadPool.java:626)
    at java.lang.Thread.run (Thread.java:748)

During handling of the above exception, another exception occurred:

Traceback (most recent call last):
  File "/Users/vanthink_test_ios/aa/testone/testfarm/test_program/conf/decorator.py", line 99, in wrapper
    ret = func(*args, **kwargs)
  File "/Users/vanthink_test_ios/aa/testone/testfarm/test_program/app/honor/student/login/test_cases/test006_register_nickname.py", line 48, in test_register_nickname
    self.login.close_app()  # 关闭APP
  File "/Users/vanthink_test_ios/aa/testone/testfarm/test_program/conf/decorator.py", line 37, in wrapper
    raise WebDriverException(flag + screenshot('Error'))
  File "/Users/vanthink_test_ios/aa/testone/testfarm/test_program/conf/decorator.py", line 18, in screenshot
    img_name = DirAndFiles(report_path).get_screenshot(driver, error_type)
  File "/Users/vanthink_test_ios/Woker/test_IOS/virtual_env/lib/python3.6/site-packages/HTMLTestReportCN2.py", line 2668, in get_screenshot
    browser.get_screenshot_as_file(img_path)
  File "/Users/vanthink_test_ios/Woker/test_IOS/virtual_env/lib/python3.6/site-packages/selenium/webdriver/remote/webdriver.py", line 1072, in get_screenshot_as_file
    png = self.get_screenshot_as_png()
  File "/Users/vanthink_test_ios/Woker/test_IOS/virtual_env/lib/python3.6/site-packages/selenium/webdriver/remote/webdriver.py", line 1108, in get_screenshot_as_png
    return base64.b64decode(self.get_screenshot_as_base64().encode('ascii'))
  File "/Users/vanthink_test_ios/Woker/test_IOS/virtual_env/lib/python3.6/site-packages/selenium/webdriver/remote/webdriver.py", line 1120, in get_screenshot_as_base64
    return self.execute(Command.SCREENSHOT)['value']
  File "/Users/vanthink_test_ios/Woker/test_IOS/virtual_env/lib/python3.6/site-packages/selenium/webdriver/remote/webdriver.py", line 318, in execute
    self.error_handler.check_response(response)
  File "/Users/vanthink_test_ios/Woker/test_IOS/virtual_env/lib/python3.6/site-packages/appium/webdriver/errorhandler.py", line 29, in check_response
    raise wde
  File "/Users/vanthink_test_ios/Woker/test_IOS/virtual_env/lib/python3.6/site-packages/appium/webdriver/errorhandler.py", line 24, in check_response
    super(MobileErrorHandler, self).check_response(response)
  File "/Users/vanthink_test_ios/Woker/test_IOS/virtual_env/lib/python3.6/site-packages/selenium/webdriver/remote/errorhandler.py", line 242, in check_response
    raise exception_class(message, screen, stacktrace)
selenium.common.exceptions.WebDriverException: Message: Session [a315919a-7d17-4b43-81ce-3c9d9e24e3d9] was terminated due to BROWSER_TIMEOUT
Stacktrace:
    at org.openqa.grid.internal.ActiveTestSessions.getExistingSession (ActiveTestSessions.java:115)
    at org.openqa.grid.internal.DefaultGridRegistry.getExistingSession (DefaultGridRegistry.java:380)
    at org.openqa.grid.web.servlet.handler.RequestHandler.getSession (RequestHandler.java:241)
    at org.openqa.grid.web.servlet.handler.RequestHandler.process (RequestHandler.java:123)
    at org.openqa.grid.web.servlet.DriverServlet.process (DriverServlet.java:86)
    at org.openqa.grid.web.servlet.DriverServlet.doGet (DriverServlet.java:64)
    at javax.servlet.http.HttpServlet.service (HttpServlet.java:687)
    at javax.servlet.http.HttpServlet.service (HttpServlet.java:790)
    at org.seleniumhq.jetty9.servlet.ServletHolder.handle (ServletHolder.java:860)
    at org.seleniumhq.jetty9.servlet.ServletHandler.doHandle (ServletHandler.java:535)
    at org.seleniumhq.jetty9.server.handler.ScopedHandler.nextHandle (ScopedHandler.java:188)
    at org.seleniumhq.jetty9.server.session.SessionHandler.doHandle (SessionHandler.java:1595)
    at org.seleniumhq.jetty9.server.handler.ScopedHandler.nextHandle (ScopedHandler.java:188)
    at org.seleniumhq.jetty9.server.handler.ContextHandler.doHandle (ContextHandler.java:1253)
    at org.seleniumhq.jetty9.server.handler.ScopedHandler.nextScope (ScopedHandler.java:168)
    at org.seleniumhq.jetty9.servlet.ServletHandler.doScope (ServletHandler.java:473)
    at org.seleniumhq.jetty9.server.session.SessionHandler.doScope (SessionHandler.java:1564)
    at org.seleniumhq.jetty9.server.handler.ScopedHandler.nextScope (ScopedHandler.java:166)
    at org.seleniumhq.jetty9.server.handler.ContextHandler.doScope (ContextHandler.java:1155)
    at org.seleniumhq.jetty9.server.handler.ScopedHandler.handle (ScopedHandler.java:141)
    at org.seleniumhq.jetty9.server.handler.HandlerWrapper.handle (HandlerWrapper.java:132)
    at org.seleniumhq.jetty9.server.Server.handle (Server.java:530)
    at org.seleniumhq.jetty9.server.HttpChannel.handle (HttpChannel.java:347)
    at org.seleniumhq.jetty9.server.HttpConnection.onFillable (HttpConnection.java:256)
    at org.seleniumhq.jetty9.io.AbstractConnection$ReadCallback.succeeded (AbstractConnection.java:279)
    at org.seleniumhq.jetty9.io.FillInterest.fillable (FillInterest.java:102)
    at org.seleniumhq.jetty9.io.ChannelEndPoint$2.run (ChannelEndPoint.java:124)
    at org.seleniumhq.jetty9.util.thread.strategy.EatWhatYouKill.doProduce (EatWhatYouKill.java:247)
    at org.seleniumhq.jetty9.util.thread.strategy.EatWhatYouKill.produce (EatWhatYouKill.java:140)
    at org.seleniumhq.jetty9.util.thread.strategy.EatWhatYouKill.run (EatWhatYouKill.java:131)
    at org.seleniumhq.jetty9.util.thread.ReservedThreadExecutor$ReservedThread.run (ReservedThreadExecutor.java:382)
    at org.seleniumhq.jetty9.util.thread.QueuedThreadPool.runJob (QueuedThreadPool.java:708)
    at org.seleniumhq.jetty9.util.thread.QueuedThreadPool$2.run (QueuedThreadPool.java:626)
    at java.lang.Thread.run (Thread.java:748)

During handling of the above exception, another exception occurred:

Traceback (most recent call last):
  File "/Users/vanthink_test_ios/aa/testone/testfarm/test_program/conf/decorator.py", line 109, in wrapper
    raise WebDriverException(flag + screenshot('Error'))
  File "/Users/vanthink_test_ios/aa/testone/testfarm/test_program/conf/decorator.py", line 18, in screenshot
    img_name = DirAndFiles(report_path).get_screenshot(driver, error_type)
  File "/Users/vanthink_test_ios/Woker/test_IOS/virtual_env/lib/python3.6/site-packages/HTMLTestReportCN2.py", line 2668, in get_screenshot
    browser.get_screenshot_as_file(img_path)
  File "/Users/vanthink_test_ios/Woker/test_IOS/virtual_env/lib/python3.6/site-packages/selenium/webdriver/remote/webdriver.py", line 1072, in get_screenshot_as_file
    png = self.get_screenshot_as_png()
  File "/Users/vanthink_test_ios/Woker/test_IOS/virtual_env/lib/python3.6/site-packages/selenium/webdriver/remote/webdriver.py", line 1108, in get_screenshot_as_png
    return base64.b64decode(self.get_screenshot_as_base64().encode('ascii'))
  File "/Users/vanthink_test_ios/Woker/test_IOS/virtual_env/lib/python3.6/site-packages/selenium/webdriver/remote/webdriver.py", line 1120, in get_screenshot_as_base64
    return self.execute(Command.SCREENSHOT)['value']
  File "/Users/vanthink_test_ios/Woker/test_IOS/virtual_env/lib/python3.6/site-packages/selenium/webdriver/remote/webdriver.py", line 318, in execute
    self.error_handler.check_response(response)
  File "/Users/vanthink_test_ios/Woker/test_IOS/virtual_env/lib/python3.6/site-packages/appium/webdriver/errorhandler.py", line 29, in check_response
    raise wde
  File "/Users/vanthink_test_ios/Woker/test_IOS/virtual_env/lib/python3.6/site-packages/appium/webdriver/errorhandler.py", line 24, in check_response
    super(MobileErrorHandler, self).check_response(response)
  File "/Users/vanthink_test_ios/Woker/test_IOS/virtual_env/lib/python3.6/site-packages/selenium/webdriver/remote/errorhandler.py", line 242, in check_response
    raise exception_class(message, screen, stacktrace)
selenium.common.exceptions.WebDriverException: Message: Session [a315919a-7d17-4b43-81ce-3c9d9e24e3d9] was terminated due to BROWSER_TIMEOUT
Stacktrace:
    at org.openqa.grid.internal.ActiveTestSessions.getExistingSession (ActiveTestSessions.java:115)
    at org.openqa.grid.internal.DefaultGridRegistry.getExistingSession (DefaultGridRegistry.java:380)
    at org.openqa.grid.web.servlet.handler.RequestHandler.getSession (RequestHandler.java:241)
    at org.openqa.grid.web.servlet.handler.RequestHandler.process (RequestHandler.java:123)
    at org.openqa.grid.web.servlet.DriverServlet.process (DriverServlet.java:86)
    at org.openqa.grid.web.servlet.DriverServlet.doGet (DriverServlet.java:64)
    at javax.servlet.http.HttpServlet.service (HttpServlet.java:687)
    at javax.servlet.http.HttpServlet.service (HttpServlet.java:790)
    at org.seleniumhq.jetty9.servlet.ServletHolder.handle (ServletHolder.java:860)
    at org.seleniumhq.jetty9.servlet.ServletHandler.doHandle (ServletHandler.java:535)
    at org.seleniumhq.jetty9.server.handler.ScopedHandler.nextHandle (ScopedHandler.java:188)
    at org.seleniumhq.jetty9.server.session.SessionHandler.doHandle (SessionHandler.java:1595)
    at org.seleniumhq.jetty9.server.handler.ScopedHandler.nextHandle (ScopedHandler.java:188)
    at org.seleniumhq.jetty9.server.handler.ContextHandler.doHandle (ContextHandler.java:1253)
    at org.seleniumhq.jetty9.server.handler.ScopedHandler.nextScope (ScopedHandler.java:168)
    at org.seleniumhq.jetty9.servlet.ServletHandler.doScope (ServletHandler.java:473)
    at org.seleniumhq.jetty9.server.session.SessionHandler.doScope (SessionHandler.java:1564)
    at org.seleniumhq.jetty9.server.handler.ScopedHandler.nextScope (ScopedHandler.java:166)
    at org.seleniumhq.jetty9.server.handler.ContextHandler.doScope (ContextHandler.java:1155)
    at org.seleniumhq.jetty9.server.handler.ScopedHandler.handle (ScopedHandler.java:141)
    at org.seleniumhq.jetty9.server.handler.HandlerWrapper.handle (HandlerWrapper.java:132)
    at org.seleniumhq.jetty9.server.Server.handle (Server.java:530)
    at org.seleniumhq.jetty9.server.HttpChannel.handle (HttpChannel.java:347)
    at org.seleniumhq.jetty9.server.HttpConnection.onFillable (HttpConnection.java:256)
    at org.seleniumhq.jetty9.io.AbstractConnection$ReadCallback.succeeded (AbstractConnection.java:279)
    at org.seleniumhq.jetty9.io.FillInterest.fillable (FillInterest.java:102)
    at org.seleniumhq.jetty9.io.ChannelEndPoint$2.run (ChannelEndPoint.java:124)
    at org.seleniumhq.jetty9.util.thread.strategy.EatWhatYouKill.doProduce (EatWhatYouKill.java:247)
    at org.seleniumhq.jetty9.util.thread.strategy.EatWhatYouKill.produce (EatWhatYouKill.java:140)
    at org.seleniumhq.jetty9.util.thread.strategy.EatWhatYouKill.run (EatWhatYouKill.java:131)
    at org.seleniumhq.jetty9.util.thread.ReservedThreadExecutor$ReservedThread.run (ReservedThreadExecutor.java:382)
    at org.seleniumhq.jetty9.util.thread.QueuedThreadPool.runJob (QueuedThreadPool.java:708)
    at org.seleniumhq.jetty9.util.thread.QueuedThreadPool$2.run (QueuedThreadPool.java:626)
    at java.lang.Thread.run (Thread.java:748)


        </pre>
        </div>
        </td>
        <td class='errorCase' style="vertical-align: middle"></td>
    </tr>
    
<tr class='errorClass warning' style="font-size:12px;">
    <td>Register &nbsp &nbsp 注册 - 密码</td>
    <td class="text-center">1</td>
    <td class="text-center">0</td>
    <td class="text-center">0</td>
    <td class="text-center">1</td>
    <td class="text-center">0.01秒</td>
    <td class="text-center"><a href="javascript:showClassDetail('c7',1)" class="detail" id='c7'>详细</a></td>
</tr>

    <tr id='et7_1' class='none' style="font-size:12px;">
        <td class='errorCase' style="vertical-align: middle"><div class='testcase'>test_register_pwd_confirm<br></div></td>
        <td colspan='5' align='center'>
        <!--默认收起错误信息 -Findyou
        <button id='btn_et7_1' type="button"  class="btn btn-xs collapsed" data-toggle="collapse" data-target='#div_et7_1'>错误</button>
        <div id='div_et7_1' class="collapse">  -->

        <!-- 默认展开错误信息 -Findyou /  修复失败按钮的颜色 -- Gelomen -->
        <button id='btn_et7_1' type="button"  class="btn btn-xs" data-toggle="collapse" data-target='#div_et7_1'>错误</button>
        <div id='div_et7_1' class="collapse in">
        <pre style="text-align:left">
        
et7_1: 在其他页面
report_path: ./testfarm/templates/test_report/student/MZ_M15/7_1_2/20200228_172631/
report_path: ./testfarm/templates/test_report/student/MZ_M15/7_1_2/20200228_172631/
Traceback (most recent call last):
  File "/Users/vanthink_test_ios/aa/testone/testfarm/test_program/conf/decorator.py", line 28, in wrapper
    ret = func(*args, **kwargs)
  File "/Users/vanthink_test_ios/aa/testone/testfarm/test_program/app/honor/student/login/object_page/login_page.py", line 323, in close_app
    self.driver.close_app()
  File "/Users/vanthink_test_ios/Woker/test_IOS/virtual_env/lib/python3.6/site-packages/appium/webdriver/extensions/applications.py", line 102, in close_app
    self.execute(Command.CLOSE_APP)
  File "/Users/vanthink_test_ios/Woker/test_IOS/virtual_env/lib/python3.6/site-packages/selenium/webdriver/remote/webdriver.py", line 318, in execute
    self.error_handler.check_response(response)
  File "/Users/vanthink_test_ios/Woker/test_IOS/virtual_env/lib/python3.6/site-packages/appium/webdriver/errorhandler.py", line 29, in check_response
    raise wde
  File "/Users/vanthink_test_ios/Woker/test_IOS/virtual_env/lib/python3.6/site-packages/appium/webdriver/errorhandler.py", line 24, in check_response
    super(MobileErrorHandler, self).check_response(response)
  File "/Users/vanthink_test_ios/Woker/test_IOS/virtual_env/lib/python3.6/site-packages/selenium/webdriver/remote/errorhandler.py", line 242, in check_response
    raise exception_class(message, screen, stacktrace)
selenium.common.exceptions.WebDriverException: Message: Session [a315919a-7d17-4b43-81ce-3c9d9e24e3d9] was terminated due to BROWSER_TIMEOUT
Stacktrace:
    at org.openqa.grid.internal.ActiveTestSessions.getExistingSession (ActiveTestSessions.java:115)
    at org.openqa.grid.internal.DefaultGridRegistry.getExistingSession (DefaultGridRegistry.java:380)
    at org.openqa.grid.web.servlet.handler.RequestHandler.getSession (RequestHandler.java:241)
    at org.openqa.grid.web.servlet.handler.RequestHandler.process (RequestHandler.java:123)
    at org.openqa.grid.web.servlet.DriverServlet.process (DriverServlet.java:86)
    at org.openqa.grid.web.servlet.DriverServlet.doPost (DriverServlet.java:70)
    at javax.servlet.http.HttpServlet.service (HttpServlet.java:707)
    at javax.servlet.http.HttpServlet.service (HttpServlet.java:790)
    at org.seleniumhq.jetty9.servlet.ServletHolder.handle (ServletHolder.java:860)
    at org.seleniumhq.jetty9.servlet.ServletHandler.doHandle (ServletHandler.java:535)
    at org.seleniumhq.jetty9.server.handler.ScopedHandler.nextHandle (ScopedHandler.java:188)
    at org.seleniumhq.jetty9.server.session.SessionHandler.doHandle (SessionHandler.java:1595)
    at org.seleniumhq.jetty9.server.handler.ScopedHandler.nextHandle (ScopedHandler.java:188)
    at org.seleniumhq.jetty9.server.handler.ContextHandler.doHandle (ContextHandler.java:1253)
    at org.seleniumhq.jetty9.server.handler.ScopedHandler.nextScope (ScopedHandler.java:168)
    at org.seleniumhq.jetty9.servlet.ServletHandler.doScope (ServletHandler.java:473)
    at org.seleniumhq.jetty9.server.session.SessionHandler.doScope (SessionHandler.java:1564)
    at org.seleniumhq.jetty9.server.handler.ScopedHandler.nextScope (ScopedHandler.java:166)
    at org.seleniumhq.jetty9.server.handler.ContextHandler.doScope (ContextHandler.java:1155)
    at org.seleniumhq.jetty9.server.handler.ScopedHandler.handle (ScopedHandler.java:141)
    at org.seleniumhq.jetty9.server.handler.HandlerWrapper.handle (HandlerWrapper.java:132)
    at org.seleniumhq.jetty9.server.Server.handle (Server.java:530)
    at org.seleniumhq.jetty9.server.HttpChannel.handle (HttpChannel.java:347)
    at org.seleniumhq.jetty9.server.HttpConnection.onFillable (HttpConnection.java:256)
    at org.seleniumhq.jetty9.io.AbstractConnection$ReadCallback.succeeded (AbstractConnection.java:279)
    at org.seleniumhq.jetty9.io.FillInterest.fillable (FillInterest.java:102)
    at org.seleniumhq.jetty9.io.ChannelEndPoint$2.run (ChannelEndPoint.java:124)
    at org.seleniumhq.jetty9.util.thread.strategy.EatWhatYouKill.doProduce (EatWhatYouKill.java:247)
    at org.seleniumhq.jetty9.util.thread.strategy.EatWhatYouKill.produce (EatWhatYouKill.java:140)
    at org.seleniumhq.jetty9.util.thread.strategy.EatWhatYouKill.run (EatWhatYouKill.java:131)
    at org.seleniumhq.jetty9.util.thread.ReservedThreadExecutor$ReservedThread.run (ReservedThreadExecutor.java:382)
    at org.seleniumhq.jetty9.util.thread.QueuedThreadPool.runJob (QueuedThreadPool.java:708)
    at org.seleniumhq.jetty9.util.thread.QueuedThreadPool$2.run (QueuedThreadPool.java:626)
    at java.lang.Thread.run (Thread.java:748)

During handling of the above exception, another exception occurred:

Traceback (most recent call last):
  File "/Users/vanthink_test_ios/aa/testone/testfarm/test_program/conf/decorator.py", line 99, in wrapper
    ret = func(*args, **kwargs)
  File "/Users/vanthink_test_ios/aa/testone/testfarm/test_program/app/honor/student/login/test_cases/test007_register_pwd_confirm.py", line 49, in test_register_pwd_confirm
    self.login.close_app()  # 关闭APP
  File "/Users/vanthink_test_ios/aa/testone/testfarm/test_program/conf/decorator.py", line 37, in wrapper
    raise WebDriverException(flag + screenshot('Error'))
  File "/Users/vanthink_test_ios/aa/testone/testfarm/test_program/conf/decorator.py", line 18, in screenshot
    img_name = DirAndFiles(report_path).get_screenshot(driver, error_type)
  File "/Users/vanthink_test_ios/Woker/test_IOS/virtual_env/lib/python3.6/site-packages/HTMLTestReportCN2.py", line 2668, in get_screenshot
    browser.get_screenshot_as_file(img_path)
  File "/Users/vanthink_test_ios/Woker/test_IOS/virtual_env/lib/python3.6/site-packages/selenium/webdriver/remote/webdriver.py", line 1072, in get_screenshot_as_file
    png = self.get_screenshot_as_png()
  File "/Users/vanthink_test_ios/Woker/test_IOS/virtual_env/lib/python3.6/site-packages/selenium/webdriver/remote/webdriver.py", line 1108, in get_screenshot_as_png
    return base64.b64decode(self.get_screenshot_as_base64().encode('ascii'))
  File "/Users/vanthink_test_ios/Woker/test_IOS/virtual_env/lib/python3.6/site-packages/selenium/webdriver/remote/webdriver.py", line 1120, in get_screenshot_as_base64
    return self.execute(Command.SCREENSHOT)['value']
  File "/Users/vanthink_test_ios/Woker/test_IOS/virtual_env/lib/python3.6/site-packages/selenium/webdriver/remote/webdriver.py", line 318, in execute
    self.error_handler.check_response(response)
  File "/Users/vanthink_test_ios/Woker/test_IOS/virtual_env/lib/python3.6/site-packages/appium/webdriver/errorhandler.py", line 29, in check_response
    raise wde
  File "/Users/vanthink_test_ios/Woker/test_IOS/virtual_env/lib/python3.6/site-packages/appium/webdriver/errorhandler.py", line 24, in check_response
    super(MobileErrorHandler, self).check_response(response)
  File "/Users/vanthink_test_ios/Woker/test_IOS/virtual_env/lib/python3.6/site-packages/selenium/webdriver/remote/errorhandler.py", line 242, in check_response
    raise exception_class(message, screen, stacktrace)
selenium.common.exceptions.WebDriverException: Message: Session [a315919a-7d17-4b43-81ce-3c9d9e24e3d9] was terminated due to BROWSER_TIMEOUT
Stacktrace:
    at org.openqa.grid.internal.ActiveTestSessions.getExistingSession (ActiveTestSessions.java:115)
    at org.openqa.grid.internal.DefaultGridRegistry.getExistingSession (DefaultGridRegistry.java:380)
    at org.openqa.grid.web.servlet.handler.RequestHandler.getSession (RequestHandler.java:241)
    at org.openqa.grid.web.servlet.handler.RequestHandler.process (RequestHandler.java:123)
    at org.openqa.grid.web.servlet.DriverServlet.process (DriverServlet.java:86)
    at org.openqa.grid.web.servlet.DriverServlet.doGet (DriverServlet.java:64)
    at javax.servlet.http.HttpServlet.service (HttpServlet.java:687)
    at javax.servlet.http.HttpServlet.service (HttpServlet.java:790)
    at org.seleniumhq.jetty9.servlet.ServletHolder.handle (ServletHolder.java:860)
    at org.seleniumhq.jetty9.servlet.ServletHandler.doHandle (ServletHandler.java:535)
    at org.seleniumhq.jetty9.server.handler.ScopedHandler.nextHandle (ScopedHandler.java:188)
    at org.seleniumhq.jetty9.server.session.SessionHandler.doHandle (SessionHandler.java:1595)
    at org.seleniumhq.jetty9.server.handler.ScopedHandler.nextHandle (ScopedHandler.java:188)
    at org.seleniumhq.jetty9.server.handler.ContextHandler.doHandle (ContextHandler.java:1253)
    at org.seleniumhq.jetty9.server.handler.ScopedHandler.nextScope (ScopedHandler.java:168)
    at org.seleniumhq.jetty9.servlet.ServletHandler.doScope (ServletHandler.java:473)
    at org.seleniumhq.jetty9.server.session.SessionHandler.doScope (SessionHandler.java:1564)
    at org.seleniumhq.jetty9.server.handler.ScopedHandler.nextScope (ScopedHandler.java:166)
    at org.seleniumhq.jetty9.server.handler.ContextHandler.doScope (ContextHandler.java:1155)
    at org.seleniumhq.jetty9.server.handler.ScopedHandler.handle (ScopedHandler.java:141)
    at org.seleniumhq.jetty9.server.handler.HandlerWrapper.handle (HandlerWrapper.java:132)
    at org.seleniumhq.jetty9.server.Server.handle (Server.java:530)
    at org.seleniumhq.jetty9.server.HttpChannel.handle (HttpChannel.java:347)
    at org.seleniumhq.jetty9.server.HttpConnection.onFillable (HttpConnection.java:256)
    at org.seleniumhq.jetty9.io.AbstractConnection$ReadCallback.succeeded (AbstractConnection.java:279)
    at org.seleniumhq.jetty9.io.FillInterest.fillable (FillInterest.java:102)
    at org.seleniumhq.jetty9.io.ChannelEndPoint$2.run (ChannelEndPoint.java:124)
    at org.seleniumhq.jetty9.util.thread.strategy.EatWhatYouKill.doProduce (EatWhatYouKill.java:247)
    at org.seleniumhq.jetty9.util.thread.strategy.EatWhatYouKill.produce (EatWhatYouKill.java:140)
    at org.seleniumhq.jetty9.util.thread.strategy.EatWhatYouKill.run (EatWhatYouKill.java:131)
    at org.seleniumhq.jetty9.util.thread.ReservedThreadExecutor$ReservedThread.run (ReservedThreadExecutor.java:382)
    at org.seleniumhq.jetty9.util.thread.QueuedThreadPool.runJob (QueuedThreadPool.java:708)
    at org.seleniumhq.jetty9.util.thread.QueuedThreadPool$2.run (QueuedThreadPool.java:626)
    at java.lang.Thread.run (Thread.java:748)

During handling of the above exception, another exception occurred:

Traceback (most recent call last):
  File "/Users/vanthink_test_ios/aa/testone/testfarm/test_program/conf/decorator.py", line 109, in wrapper
    raise WebDriverException(flag + screenshot('Error'))
  File "/Users/vanthink_test_ios/aa/testone/testfarm/test_program/conf/decorator.py", line 18, in screenshot
    img_name = DirAndFiles(report_path).get_screenshot(driver, error_type)
  File "/Users/vanthink_test_ios/Woker/test_IOS/virtual_env/lib/python3.6/site-packages/HTMLTestReportCN2.py", line 2668, in get_screenshot
    browser.get_screenshot_as_file(img_path)
  File "/Users/vanthink_test_ios/Woker/test_IOS/virtual_env/lib/python3.6/site-packages/selenium/webdriver/remote/webdriver.py", line 1072, in get_screenshot_as_file
    png = self.get_screenshot_as_png()
  File "/Users/vanthink_test_ios/Woker/test_IOS/virtual_env/lib/python3.6/site-packages/selenium/webdriver/remote/webdriver.py", line 1108, in get_screenshot_as_png
    return base64.b64decode(self.get_screenshot_as_base64().encode('ascii'))
  File "/Users/vanthink_test_ios/Woker/test_IOS/virtual_env/lib/python3.6/site-packages/selenium/webdriver/remote/webdriver.py", line 1120, in get_screenshot_as_base64
    return self.execute(Command.SCREENSHOT)['value']
  File "/Users/vanthink_test_ios/Woker/test_IOS/virtual_env/lib/python3.6/site-packages/selenium/webdriver/remote/webdriver.py", line 318, in execute
    self.error_handler.check_response(response)
  File "/Users/vanthink_test_ios/Woker/test_IOS/virtual_env/lib/python3.6/site-packages/appium/webdriver/errorhandler.py", line 29, in check_response
    raise wde
  File "/Users/vanthink_test_ios/Woker/test_IOS/virtual_env/lib/python3.6/site-packages/appium/webdriver/errorhandler.py", line 24, in check_response
    super(MobileErrorHandler, self).check_response(response)
  File "/Users/vanthink_test_ios/Woker/test_IOS/virtual_env/lib/python3.6/site-packages/selenium/webdriver/remote/errorhandler.py", line 242, in check_response
    raise exception_class(message, screen, stacktrace)
selenium.common.exceptions.WebDriverException: Message: Session [a315919a-7d17-4b43-81ce-3c9d9e24e3d9] was terminated due to BROWSER_TIMEOUT
Stacktrace:
    at org.openqa.grid.internal.ActiveTestSessions.getExistingSession (ActiveTestSessions.java:115)
    at org.openqa.grid.internal.DefaultGridRegistry.getExistingSession (DefaultGridRegistry.java:380)
    at org.openqa.grid.web.servlet.handler.RequestHandler.getSession (RequestHandler.java:241)
    at org.openqa.grid.web.servlet.handler.RequestHandler.process (RequestHandler.java:123)
    at org.openqa.grid.web.servlet.DriverServlet.process (DriverServlet.java:86)
    at org.openqa.grid.web.servlet.DriverServlet.doGet (DriverServlet.java:64)
    at javax.servlet.http.HttpServlet.service (HttpServlet.java:687)
    at javax.servlet.http.HttpServlet.service (HttpServlet.java:790)
    at org.seleniumhq.jetty9.servlet.ServletHolder.handle (ServletHolder.java:860)
    at org.seleniumhq.jetty9.servlet.ServletHandler.doHandle (ServletHandler.java:535)
    at org.seleniumhq.jetty9.server.handler.ScopedHandler.nextHandle (ScopedHandler.java:188)
    at org.seleniumhq.jetty9.server.session.SessionHandler.doHandle (SessionHandler.java:1595)
    at org.seleniumhq.jetty9.server.handler.ScopedHandler.nextHandle (ScopedHandler.java:188)
    at org.seleniumhq.jetty9.server.handler.ContextHandler.doHandle (ContextHandler.java:1253)
    at org.seleniumhq.jetty9.server.handler.ScopedHandler.nextScope (ScopedHandler.java:168)
    at org.seleniumhq.jetty9.servlet.ServletHandler.doScope (ServletHandler.java:473)
    at org.seleniumhq.jetty9.server.session.SessionHandler.doScope (SessionHandler.java:1564)
    at org.seleniumhq.jetty9.server.handler.ScopedHandler.nextScope (ScopedHandler.java:166)
    at org.seleniumhq.jetty9.server.handler.ContextHandler.doScope (ContextHandler.java:1155)
    at org.seleniumhq.jetty9.server.handler.ScopedHandler.handle (ScopedHandler.java:141)
    at org.seleniumhq.jetty9.server.handler.HandlerWrapper.handle (HandlerWrapper.java:132)
    at org.seleniumhq.jetty9.server.Server.handle (Server.java:530)
    at org.seleniumhq.jetty9.server.HttpChannel.handle (HttpChannel.java:347)
    at org.seleniumhq.jetty9.server.HttpConnection.onFillable (HttpConnection.java:256)
    at org.seleniumhq.jetty9.io.AbstractConnection$ReadCallback.succeeded (AbstractConnection.java:279)
    at org.seleniumhq.jetty9.io.FillInterest.fillable (FillInterest.java:102)
    at org.seleniumhq.jetty9.io.ChannelEndPoint$2.run (ChannelEndPoint.java:124)
    at org.seleniumhq.jetty9.util.thread.strategy.EatWhatYouKill.doProduce (EatWhatYouKill.java:247)
    at org.seleniumhq.jetty9.util.thread.strategy.EatWhatYouKill.produce (EatWhatYouKill.java:140)
    at org.seleniumhq.jetty9.util.thread.strategy.EatWhatYouKill.run (EatWhatYouKill.java:131)
    at org.seleniumhq.jetty9.util.thread.ReservedThreadExecutor$ReservedThread.run (ReservedThreadExecutor.java:382)
    at org.seleniumhq.jetty9.util.thread.QueuedThreadPool.runJob (QueuedThreadPool.java:708)
    at org.seleniumhq.jetty9.util.thread.QueuedThreadPool$2.run (QueuedThreadPool.java:626)
    at java.lang.Thread.run (Thread.java:748)


        </pre>
        </div>
        </td>
        <td class='errorCase' style="vertical-align: middle"></td>
    </tr>
    
<tr id='total_row' class="text-center active">
    <td>总计</td>
    <td>12</td>
    <td>3</td>
    <td>5</td>
    <td>4</td>
    <td>989.86秒</td>
    <td>通过率：25.00%</td>
</tr>
</table>

<div id='ending'>&nbsp;</div>
    <div id="toTop" style=" position:fixed;right:50px; bottom:30px; width:20px; height:20px;cursor:pointer; display: none">
    <a><span class="glyphicon glyphicon-eject" style = "font-size:30px;" aria-hidden="true">
    </span></a></div>
    

</body>
</html>
