<?xml version="1.0" encoding="UTF-8"?>
<!DOCTYPE html PUBLIC "-//W3C//DTD XHTML 1.0 Strict//EN" "http://www.w3.org/TR/xhtml1/DTD/xhtml1-strict.dtd">
<html xmlns="http://www.w3.org/1999/xhtml">
<head>
    <title>OPPO_A37m:  测试用例执行报告</title>
    <meta name="generator" content="HTMLTestRunner 0.9.1"/>
    <meta http-equiv="Content-Type" content="text/html; charset=UTF-8"/>
    
<style type="text/css" media="screen">
    body        { font-family: verdana, arial, helvetica, sans-serif; font-size: 80%; }
    table       { font-size: 100%; }
    pre         { white-space: pre-wrap;word-wrap: break-word; }

    /* -- heading ---------------------------------------------------------------------- */
    h1 {
        font-size: 16pt;
        color: gray;
    }
    .heading {
        margin-top: 0ex;
        margin-bottom: 1ex;
    }

    .heading .attribute {
        margin-top: 1ex;
        margin-bottom: 0;
    }

    .heading .description {
        margin-top: 2ex;
        margin-bottom: 3ex;
    }

    /* -- css div popup ------------------------------------------------------------------------ */
    a.popup_link {
    }

    a.popup_link:hover {
        color: red;
    }

    .popup_window {
        display: none;
        position: relative;
        left: 0px;
        top: 0px;
        /*border: solid #627173 1px; */
        padding: 10px;
        /*background-color: #E6E6D6; */
        font-family: "Lucida Console", "Courier New", Courier, monospace;
        text-align: left;
        font-size: 8pt;
        /* width: 500px;*/
    }

    }
    /* -- report ------------------------------------------------------------------------ */
    #show_detail_line {
        margin-top: 3ex;
        margin-bottom: 1ex;
    }
    #result_table {
        width: 99%;
    }
    #header_row {
        font-weight: bold;
        color: #303641;
        background-color: #ebebeb;
    }
    #total_row  { font-weight: bold; }
    .passClass  { background-color: #bdedbc; }
    .failClass  { background-color: #ffefa4; }
    .errorClass { background-color: #ffc9c9; }
    .passCase   { color: #6c6; }
    .failCase   { color: #FF6600; font-weight: bold; }
    .errorCase  { color: #c00; font-weight: bold; }
    .hiddenRow  { display: none; }
    .testcase   { margin-left: 2em; }


    /* -- ending ---------------------------------------------------------------------- */
    #ending {
    }

    #div_base {
                position:absolute;
                top:0%;
                left:5%;
                right:5%;
                width: auto;
                height: auto;
                margin: -15px 0 0 0;
    }
</style>

    <link href="http://cdn.bootcss.com/bootstrap/3.3.0/css/bootstrap.min.css" rel="stylesheet">
    <script src="https://cdn.bootcss.com/echarts/3.8.5/echarts.common.min.js"></script>
    <!-- <script type="text/javascript" src="js/echarts.common.min.js"></script> -->
</head>
<body>
    <script language="javascript" type="text/javascript"><!--
    output_list = Array();

    /* level - 0:Summary; 1:Failed; 2:All */
    function showCase(level) {
        trs = document.getElementsByTagName("tr");
        for (var i = 0; i < trs.length; i++) {
            tr = trs[i];
            id = tr.id;
            if (id.substr(0,2) == 'ft') {
                if (level < 1) {
                    tr.className = 'hiddenRow';
                }
                else {
                    tr.className = '';
                }
            }
            if (id.substr(0,2) == 'pt') {
                if (level > 1) {
                    tr.className = '';
                }
                else {
                    tr.className = 'hiddenRow';
                }
            }
        }
    }


    function showClassDetail(cid, count) {
        var id_list = Array(count);
        var toHide = 1;
        for (var i = 0; i < count; i++) {
            tid0 = 't' + cid.substr(1) + '.' + (i+1);
            tid = 'f' + tid0;
            tr = document.getElementById(tid);
            if (!tr) {
                tid = 'p' + tid0;
                tr = document.getElementById(tid);
            }
            id_list[i] = tid;
            if (tr.className) {
                toHide = 0;
            }
        }
        for (var i = 0; i < count; i++) {
            tid = id_list[i];
            if (toHide) {
                document.getElementById('div_'+tid).style.display = 'none'
                document.getElementById(tid).className = 'hiddenRow';
            }
            else {
                document.getElementById(tid).className = '';
            }
        }
    }


    function showTestDetail(div_id){
        var details_div = document.getElementById(div_id)
        var displayState = details_div.style.display
        // alert(displayState)
        if (displayState != 'block' ) {
            displayState = 'block'
            details_div.style.display = 'block'
        }
        else {
            details_div.style.display = 'none'
        }
    }


    function html_escape(s) {
        s = s.replace(/&/g,'&amp;');
        s = s.replace(/</g,'&lt;');
        s = s.replace(/>/g,'&gt;');
        return s;
    }

    /* obsoleted by detail in <div>
    function showOutput(id, name) {
        var w = window.open("", //url
                        name,
                        "resizable,scrollbars,status,width=800,height=450");
        d = w.document;
        d.write("<pre>");
        d.write(html_escape(output_list[id]));
        d.write("\n");
        d.write("<a href='javascript:window.close()'>close</a>\n");
        d.write("</pre>\n");
        d.close();
    }
    */
    --></script>

    <div id="div_base">
        
    <div class='page-header'>
        <h1>OPPO_A37m:  测试用例执行报告</h1>
    <p class='attribute'><strong>开始时间:</strong> 2019-09-27 10:26:24</p>
<p class='attribute'><strong>运行时长:</strong> 0:06:20.053992</p>
<p class='attribute'><strong>状态:</strong> 错误 3</p>

    </div>
    <div style="float: left;width:50%;"><p class='description'>用例执行情况统计：</p></div>
    <div id="chart" style="width:50%;height:400px;float:left;"></div>

        
    <div class="btn-group btn-group-sm">
        <button class="btn btn-default" onclick='javascript:showCase(0)'>总结</button>
        <button class="btn btn-default" onclick='javascript:showCase(1)'>失败</button>
        <button class="btn btn-default" onclick='javascript:showCase(2)'>全部</button>
    </div>
    <p></p>
    <table id='result_table' class="table table-bordered">
        <colgroup>
            <col align='left' />
            <col align='right' />
            <col align='right' />
            <col align='right' />
            <col align='right' />
            <col align='right' />
        </colgroup>
        <tr id='header_row'>
            <td>测试套件/测试用例</td>
            <td>总数</td>
            <td>通过</td>
            <td>失败</td>
            <td>错误</td>
            <td>查看</td>
        </tr>
        
    <tr class='errorClass'>
        <td>test002_book_game.BookGame: 准确率</td>
        <td>1</td>
        <td>0</td>
        <td>0</td>
        <td>1</td>
        <td><a href="javascript:showClassDetail('c1',1)">详情</a></td>
    </tr>

<tr id='ft1.1' class='none'>
    <td class='errorCase'><div class='testcase'>test_book_game_1_文章: 测试书籍游戏</div></td>
    <td colspan='5' align='center'>

    <!--css div popup start-->
    <a class="popup_link" onfocus='this.blur();' href="javascript:showTestDetail('div_ft1.1')" >
        错误</a>

    <div id='div_ft1.1' class="popup_window">
        <pre>
        ft1.1: 在登录界面：
尺寸： {'width': 720, 'height': 1280}
[720, 1280]
页面滑动: 360 256 360 1024
尺寸： {'width': 720, 'height': 1280}
[720, 1280]
页面滑动: 360 1024 360 256
学生昵称： Ceshi1 
 学校名称： 工大1 
 学校id： 2199 
 学生id： 542917 

尺寸： {'width': 720, 'height': 1280}
[720, 1280]
页面滑动: 360 1152 360 256
暂无排行数据
============ 🌟🌟选词填空 兼职测试题🌟🌟==========

未开始
进入游戏页面
========== 第一次做错操作 ========== 

True
提示词： One    Two    Three    Four    Five   
Traceback (most recent call last):
  File "/Users/vanthink_test_ios/aa/testone/testfarm/test_program/conf/decorator.py", line 64, in wrapper
    ret = func(*args, **kwargs)
  File "/Users/vanthink_test_ios/aa/testone/testfarm/test_program/app/honor/student/login/object_page/home_page.py", line 226, in click_blank
    self.driver.tap([(20, 1800), ])
  File "/Users/vanthink_test_ios/Woker/test_IOS/virtual_env/lib/python3.6/site-packages/appium/webdriver/extensions/action_helpers.py", line 78, in tap
    action.perform()
  File "/Users/vanthink_test_ios/Woker/test_IOS/virtual_env/lib/python3.6/site-packages/appium/webdriver/common/touch_action.py", line 103, in perform
    self._driver.execute(Command.TOUCH_ACTION, params)
  File "/Users/vanthink_test_ios/Woker/test_IOS/virtual_env/lib/python3.6/site-packages/selenium/webdriver/remote/webdriver.py", line 318, in execute
    self.error_handler.check_response(response)
  File "/Users/vanthink_test_ios/Woker/test_IOS/virtual_env/lib/python3.6/site-packages/appium/webdriver/errorhandler.py", line 29, in check_response
    raise wde
  File "/Users/vanthink_test_ios/Woker/test_IOS/virtual_env/lib/python3.6/site-packages/appium/webdriver/errorhandler.py", line 24, in check_response
    super(MobileErrorHandler, self).check_response(response)
  File "/Users/vanthink_test_ios/Woker/test_IOS/virtual_env/lib/python3.6/site-packages/selenium/webdriver/remote/errorhandler.py", line 242, in check_response
    raise exception_class(message, screen, stacktrace)
selenium.common.exceptions.InvalidCoordinatesException: Message: io.appium.uiautomator2.common.exceptions.InvalidCoordinatesException: Coordinate [x=20.0, y=1800.0] is outside of element rect: [0,0][720,1280]
	at io.appium.uiautomator2.utils.PositionHelper.getAbsolutePosition(PositionHelper.java:71)
	at io.appium.uiautomator2.utils.PositionHelper.getDeviceAbsPos(PositionHelper.java:83)
	at io.appium.uiautomator2.handler.Click.safeHandle(Click.java:44)
	at io.appium.uiautomator2.handler.request.SafeRequestHandler.handle(SafeRequestHandler.java:37)
	at io.appium.uiautomator2.server.AppiumServlet.handleRequest(AppiumServlet.java:252)
	at io.appium.uiautomator2.server.AppiumServlet.handleHttpRequest(AppiumServlet.java:243)
	at io.appium.uiautomator2.http.ServerHandler.channelRead(ServerHandler.java:44)
	at io.netty.channel.AbstractChannelHandlerContext.invokeChannelRead(AbstractChannelHandlerContext.java:366)
	at io.netty.channel.AbstractChannelHandlerContext.invokeChannelRead(AbstractChannelHandlerContext.java:352)
	at io.netty.channel.AbstractChannelHandlerContext.fireChannelRead(AbstractChannelHandlerContext.java:345)
	at io.netty.handler.codec.MessageToMessageDecoder.channelRead(MessageToMessageDecoder.java:102)
	at io.netty.channel.AbstractChannelHandlerContext.invokeChannelRead(AbstractChannelHandlerContext.java:366)
	at io.netty.channel.AbstractChannelHandlerContext.invokeChannelRead(AbstractChannelHandlerContext.java:352)
	at io.netty.channel.AbstractChannelHandlerContext.fireChannelRead(AbstractChannelHandlerContext.java:345)
	at io.netty.channel.CombinedChannelDuplexHandler$DelegatingChannelHandlerContext.fireChannelRead(CombinedChannelDuplexHandler.java:435)
	at io.netty.handler.codec.ByteToMessageDecoder.fireChannelRead(ByteToMessageDecoder.java:293)
	at io.netty.handler.codec.ByteToMessageDecoder.channelRead(ByteToMessageDecoder.java:267)
	at io.netty.channel.CombinedChannelDuplexHandler.channelRead(CombinedChannelDuplexHandler.java:250)
	at io.netty.channel.AbstractChannelHandlerContext.invokeChannelRead(AbstractChannelHandlerContext.java:366)
	at io.netty.channel.AbstractChannelHandlerContext.invokeChannelRead(AbstractChannelHandlerContext.java:352)
	at io.netty.channel.AbstractChannelHandlerContext.fireChannelRead(AbstractChannelHandlerContext.java:345)
	at io.netty.channel.DefaultChannelPipeline$HeadContext.channelRead(DefaultChannelPipeline.java:1294)
	at io.netty.channel.AbstractChannelHandlerContext.invokeChannelRead(AbstractChannelHandlerContext.java:366)
	at io.netty.channel.AbstractChannelHandlerContext.invokeChannelRead(AbstractChannelHandlerContext.java:352)
	at io.netty.channel.DefaultChannelPipeline.fireChannelRead(DefaultChannelPipeline.java:911)
	at io.netty.channel.nio.AbstractNioByteChannel$NioByteUnsafe.read(AbstractNioByteChannel.java:131)
	at io.netty.channel.nio.NioEventLoop.processSelectedKey(NioEventLoop.java:611)
	at io.netty.channel.nio.NioEventLoop.processSelectedKeysPlain(NioEventLoop.java:514)
	at io.netty.channel.nio.NioEventLoop.processSelectedKeys(NioEventLoop.java:468)
	at io.netty.channel.nio.NioEventLoop.run(NioEventLoop.java:438)
	at io.netty.util.concurrent.SingleThreadEventExecutor$2.run(SingleThreadEventExecutor.java:140)
	at io.netty.util.concurrent.DefaultThreadFactory$DefaultRunnableDecorator.run(DefaultThreadFactory.java:144)
	at java.lang.Thread.run(Thread.java:818)



During handling of the above exception, another exception occurred:

Traceback (most recent call last):
  File "/Users/vanthink_test_ios/aa/testone/testfarm/test_program/conf/decorator.py", line 64, in wrapper
    ret = func(*args, **kwargs)
  File "/Users/vanthink_test_ios/aa/testone/testfarm/test_program/app/honor/student/library/object_pages/games/select_word_blank.py", line 44, in select_word_blank_operate
    HomePage().click_blank()
  File "/Users/vanthink_test_ios/aa/testone/testfarm/test_program/conf/decorator.py", line 74, in wrapper
    raise WebDriverException(flag + _screenshot(func.__qualname__))
selenium.common.exceptions.WebDriverException: Message: IMAGE:HomePage.click_blank-20190927103007.png


During handling of the above exception, another exception occurred:

Traceback (most recent call last):
  File "/Users/vanthink_test_ios/aa/testone/testfarm/test_program/conf/decorator.py", line 29, in wrapper
    ret = func(*args, **kwargs)
  File "/Users/vanthink_test_ios/aa/testone/testfarm/test_program/app/honor/student/library/object_pages/game_page.py", line 346, in play_book_games
    game_result = SelectWordBlank().select_word_blank_operate(fq, second_ans)
  File "/Users/vanthink_test_ios/aa/testone/testfarm/test_program/conf/decorator.py", line 72, in wrapper
    raise WebDriverException(e)
selenium.common.exceptions.WebDriverException: Message: Message: IMAGE:HomePage.click_blank-20190927103007.png



During handling of the above exception, another exception occurred:

Traceback (most recent call last):
  File "/Users/vanthink_test_ios/aa/testone/testfarm/test_program/conf/decorator.py", line 64, in wrapper
    ret = func(*args, **kwargs)
  File "/Users/vanthink_test_ios/aa/testone/testfarm/test_program/app/honor/student/library/test_cases/test002_book_game.py", line 131, in game_operate
    first_result = self.game.play_book_games(fq=1, bank_name=bank_name, bank_progress=bank_progress)
  File "/Users/vanthink_test_ios/aa/testone/testfarm/test_program/conf/decorator.py", line 36, in wrapper
    raise WebDriverException(e)
selenium.common.exceptions.WebDriverException: Message: Message: Message: IMAGE:HomePage.click_blank-20190927103007.png




During handling of the above exception, another exception occurred:

Traceback (most recent call last):
  File "/Users/vanthink_test_ios/aa/testone/testfarm/test_program/conf/decorator.py", line 64, in wrapper
    ret = func(*args, **kwargs)
  File "/Users/vanthink_test_ios/aa/testone/testfarm/test_program/app/honor/student/library/test_cases/test002_book_game.py", line 87, in test_book_game
    self.game_operate(nickname, book_progress, school_name)
  File "/Users/vanthink_test_ios/aa/testone/testfarm/test_program/conf/decorator.py", line 72, in wrapper
    raise WebDriverException(e)
selenium.common.exceptions.WebDriverException: Message: Message: Message: Message: IMAGE:HomePage.click_blank-20190927103007.png





During handling of the above exception, another exception occurred:

Traceback (most recent call last):
  File "/Users/vanthink_test_ios/Woker/test_IOS/virtual_env/lib/python3.6/site-packages/ddt.py", line 145, in wrapper
    return func(self, *args, **kwargs)
  File "/Users/vanthink_test_ios/aa/testone/testfarm/test_program/conf/decorator.py", line 72, in wrapper
    raise WebDriverException(e)
selenium.common.exceptions.WebDriverException: Message: Message: Message: Message: Message: IMAGE:HomePage.click_blank-20190927103007.png






        </pre>
    </div>
    <!--css div popup end-->
    
    </td>
    
    
</tr>

    <tr class='errorClass'>
        <td>test003_medal_tip_check.Medal</td>
        <td>1</td>
        <td>0</td>
        <td>0</td>
        <td>1</td>
        <td><a href="javascript:showClassDetail('c2',1)">详情</a></td>
    </tr>

<tr id='ft2.1' class='none'>
    <td class='errorCase'><div class='testcase'>test_medal_tip: 测试勋章弹框</div></td>
    <td colspan='5' align='center'>

    <!--css div popup start-->
    <a class="popup_link" onfocus='this.blur();' href="javascript:showTestDetail('div_ft2.1')" >
        错误</a>

    <div id='div_ft2.1' class="popup_window">
        <pre>
        ft2.1: 在其他页面
主界面
尺寸： {'width': 720, 'height': 1280}
[720, 1280]
页面滑动: 360 1152 360 256
Traceback (most recent call last):
  File "/Users/vanthink_test_ios/aa/testone/testfarm/test_program/conf/decorator.py", line 100, in wrapper
    ret = func(*args, **kwargs)
  File "/Users/vanthink_test_ios/aa/testone/testfarm/test_program/app/honor/student/library/test_cases/test003_medal_tip_check.py", line 37, in test_medal_tip
    self.home.check_more()[1].click()
IndexError: list index out of range

During handling of the above exception, another exception occurred:

Traceback (most recent call last):
  File "/Users/vanthink_test_ios/aa/testone/testfarm/test_program/conf/decorator.py", line 126, in wrapper
    raise Exception(flag + _screenshot(func.__qualname__))
Exception: IMAGE:Medal.test_medal_tip-20190927103108.png

        </pre>
    </div>
    <!--css div popup end-->
    
    </td>
    
    
</tr>

    <tr class='errorClass'>
        <td>test004_compare_page_db.Medal</td>
        <td>1</td>
        <td>0</td>
        <td>0</td>
        <td>1</td>
        <td><a href="javascript:showClassDetail('c3',1)">详情</a></td>
    </tr>

<tr id='ft3.1' class='none'>
    <td class='errorCase'><div class='testcase'>test_compare_page_data: 对比页面数据，查看是否与数据库一致</div></td>
    <td colspan='5' align='center'>

    <!--css div popup start-->
    <a class="popup_link" onfocus='this.blur();' href="javascript:showTestDetail('div_ft3.1')" >
        错误</a>

    <div id='div_ft3.1' class="popup_window">
        <pre>
        ft3.1: 主界面
尺寸： {'width': 720, 'height': 1280}
[720, 1280]
页面滑动: 360 256 360 1024
尺寸： {'width': 720, 'height': 1280}
[720, 1280]
页面滑动: 360 1024 360 256
学生昵称： Ceshi1 
 学校名称： 工大1 
 学校id： 2199 
 学生id： 542917 

[&lt;appium.webdriver.webelement.WebElement (session="c38c3b80-4b4e-4471-8f09-124c5be9fd2d", element="84bafb48-409e-445a-acdf-d7dd703d2446")&gt;]
Traceback (most recent call last):
  File "/Users/vanthink_test_ios/aa/testone/testfarm/test_program/conf/decorator.py", line 100, in wrapper
    ret = func(*args, **kwargs)
  File "/Users/vanthink_test_ios/aa/testone/testfarm/test_program/app/honor/student/library/test_cases/test004_compare_page_db.py", line 45, in test_compare_page_data
    course_name = course_type[1].text                             # 选择指定标签
IndexError: list index out of range

During handling of the above exception, another exception occurred:

Traceback (most recent call last):
  File "/Users/vanthink_test_ios/aa/testone/testfarm/test_program/conf/decorator.py", line 126, in wrapper
    raise Exception(flag + _screenshot(func.__qualname__))
Exception: IMAGE:Medal.test_compare_page_data-20190927103244.png

        </pre>
    </div>
    <!--css div popup end-->
    
    </td>
    
    
</tr>

        <tr id='total_row'>
            <td>总计</td>
            <td>3</td>
            <td>0</td>
            <td>0</td>
            <td>3</td>
            <td>&nbsp;</td>
        </tr>
    </table>

        <div id='ending'>&nbsp;</div>
        
    <script type="text/javascript">
        // 基于准备好的dom，初始化echarts实例
        var myChart = echarts.init(document.getElementById('chart'));

        // 指定图表的配置项和数据
        var option = {
            title : {
                text: '测试执行情况',
                x:'center'
            },
            tooltip : {
                trigger: 'item',
                formatter: "{a} <br/>{b} : {c} ({d}%)"
            },
            color: ['#95b75d', 'grey', '#b64645'],
            legend: {
                orient: 'vertical',
                left: 'left',
                data: ['通过','失败','错误']
            },
            series : [
                {
                    name: '测试执行情况',
                    type: 'pie',
                    radius : '60%',
                    center: ['50%', '60%'],
                    data:[
                        {value:0, name:'通过'},
                        {value:0, name:'失败'},
                        {value:3, name:'错误'}
                    ],
                    itemStyle: {
                        emphasis: {
                            shadowBlur: 10,
                            shadowOffsetX: 0,
                            shadowColor: 'rgba(0, 0, 0, 0.5)'
                        }
                    }
                }
            ]
        };

        // 使用刚指定的配置项和数据显示图表。
        myChart.setOption(option);
    </script>
    
    </div>
</body>
</html>
